This is LuaHBTeX, Version 1.15.0 (TeX Live 2022)  (format=lualatex 2022.10.16)  20 OCT 2022 23:15
 restricted system commands enabled.
**\input pgfmanual.tex
Lua module: luaotfload 2022-10-03 3.23 Lua based OpenType font support
Lua module: lualibs 2022-10-04 2.75 ConTeXt Lua standard libraries.
Lua module: lualibs-extended 2022-10-04 2.75 ConTeXt Lua libraries -- extended collection.
luaotfload | conf : Root cache directory is "/usr/local/texlive/2022/texmf-var/luatex-cache/generic/names".
luaotfload | init : Loading fontloader "fontloader-2022-10-03.lua" from kpse-resolved path "/usr/local/texlive/2022/texmf-dist/tex/luatex/luaotfload/fontloader-2022-10-03.lua".
Lua-only attribute luaotfload@noligature = 1
luaotfload | init : Context OpenType loader version 3.120
Inserting `luaotfload.node_processor' at position 1 in `pre_linebreak_filter'.
Inserting `luaotfload.node_processor' at position 1 in `hpack_filter'.
Inserting `luaotfload.glyph_stream' at position 1 in `glyph_stream_provider'.
Inserting `luaotfload.define_font' at position 1 in `define_font'.
Lua-only attribute luaotfload_color_attribute = 2
luaotfload | conf : Root cache directory is "/usr/local/texlive/2022/texmf-var/luatex-cache/generic/names".
Inserting `luaotfload.harf.strip_prefix' at position 1 in `find_opentype_file'.
Inserting `luaotfload.harf.strip_prefix' at position 1 in `find_truetype_file'.
Removing  `luaotfload.glyph_stream' from `glyph_stream_provider'.
Inserting `luaotfload.harf.glyphstream' at position 1 in `glyph_stream_provider'.
Inserting `luaotfload.harf.finalize_vlist' at position 1 in `post_linebreak_filter'.
Inserting `luaotfload.harf.finalize_hlist' at position 2 in `hpack_filter'.
Inserting `luaotfload.cleanup_files' at position 1 in `wrapup_run'.
Inserting `luaotfload.harf.finalize_unicode' at position 1 in `finish_pdffile'.
Inserting `luaotfload.glyphinfo' at position 1 in `glyph_info'.
Lua-only attribute luaotfload.letterspace_done = 3
Inserting `luaotfload.aux.set_sscale_dimens' at position 1 in `luaotfload.patch_font'.
Inserting `luaotfload.aux.set_font_index' at position 2 in `luaotfload.patch_font'.
Inserting `luaotfload.aux.patch_cambria_domh' at position 3 in `luaotfload.patch_font'.
Inserting `luaotfload.aux.fixup_fontdata' at position 1 in `luaotfload.patch_font_unsafe'.
Inserting `luaotfload.aux.set_capheight' at position 4 in `luaotfload.patch_font'.
Inserting `luaotfload.aux.set_xheight' at position 5 in `luaotfload.patch_font'.
Inserting `luaotfload.rewrite_fontname' at position 6 in `luaotfload.patch_font'.
Inserting `tracingstacklevels' at position 1 in `input_level_string'.
 (./pgfmanual.tex
(/usr/local/texlive/2022/texmf-dist/tex/latex/base/ltxdoc.cls
Document Class: ltxdoc 2022/06/22 v2.1h Standard LaTeX documentation class
*************************************
* Local config file ltxdoc.cfg used
*************************************
(/usr/local/texlive/2022/texmf-dist/tex/latex/base/ltxdoc.cfg
File: ltxdoc.cfg 2022/06/14 v2.0d ltxdoc.cls configuration (LaTeX Project)
)
(/usr/local/texlive/2022/texmf-dist/tex/latex/base/article.cls
Document Class: article 2021/10/04 v1.4n Standard LaTeX document class
(/usr/local/texlive/2022/texmf-dist/tex/latex/base/size10.clo
File: size10.clo 2021/10/04 v1.4n Standard LaTeX file (size option)
luaotfload | db : Font names database loaded from /usr/local/texlive/2022/texmf-
var/luatex-cache/generic/names/luaotfload-names.luc.gz)
\c@part=\count183
\c@section=\count184
\c@subsection=\count185
\c@subsubsection=\count186
\c@paragraph=\count187
\c@subparagraph=\count188
\c@figure=\count189
\c@table=\count190
\abovecaptionskip=\skip47
\belowcaptionskip=\skip48
\bibindent=\dimen137
)
(/usr/local/texlive/2022/texmf-dist/tex/latex/base/doc.sty
Rollback for package 'doc' requested -> version 'v2'.
         This corresponds to the release introduced on 2021-06-01.

(/usr/local/texlive/2022/texmf-dist/tex/latex/base/doc-2021-06-01.sty
Package: doc 2021/05/28 v2.1n Standard LaTeX documentation package (FMi)
\c@StandardModuleDepth=\count191
\guard@level=\count192
\MacrocodeTopsep=\skip49
\MacroIndent=\dimen138
\macro@cnt=\count193
\MacroTopsep=\skip50
\index@excludelist=\toks16

(/usr/local/texlive/2022/texmf-dist/tex/latex/tools/multicol.sty
Package: multicol 2021/11/30 v1.9d multicolumn formatting (FMi)
\c@tracingmulticols=\count194
\mult@box=\box51
\multicol@leftmargin=\dimen139
\c@unbalance=\count195
\c@collectmore=\count196
\doublecol@number=\count197
\multicoltolerance=\count198
\multicolpretolerance=\count199
\full@width=\dimen140
\page@free=\dimen141
\premulticols=\dimen142
\postmulticols=\dimen143
\multicolsep=\skip51
\multicolbaselineskip=\skip52
\partial@page=\box52
\last@line=\box53
\maxbalancingoverflow=\dimen144
\mult@rightbox=\box54
\mult@grightbox=\box55
\mult@firstbox=\box56
\mult@gfirstbox=\box57
\@tempa=\box58
\@tempa=\box59
\@tempa=\box60
\@tempa=\box61
\@tempa=\box62
\@tempa=\box63
\@tempa=\box64
\@tempa=\box65
\@tempa=\box66
\@tempa=\box67
\@tempa=\box68
\@tempa=\box69
\@tempa=\box70
\@tempa=\box71
\@tempa=\box72
\@tempa=\box73
\@tempa=\box74
\@tempa=\box75
\@tempa=\box76
\@tempa=\box77
\@tempa=\box78
\@tempa=\box79
\@tempa=\box80
\@tempa=\box81
\@tempa=\box82
\@tempa=\box83
\@tempa=\box84
\@tempa=\box85
\@tempa=\box86
\@tempa=\box87
\@tempa=\box88
\@tempa=\box89
\@tempa=\box90
\@tempa=\box91
\@tempa=\box92
\@tempa=\box93
\c@minrows=\count266
\c@columnbadness=\count267
\c@finalcolumnbadness=\count268
\last@try=\dimen145
\multicolovershoot=\dimen146
\multicolundershoot=\dimen147
\mult@nat@firstbox=\box94
\colbreak@box=\box95
\mc@col@check@num=\count269
)
\IndexMin=\dimen148
\c@IndexColumns=\count270
\GlossaryMin=\dimen149
\c@GlossaryColumns=\count271
\check@sum=\count272
\bslash@cnt=\count273
\wrong@table=\toks17
\c@CodelineNo=\count274
)))
(./pgfmanual.cfg (/usr/local/texlive/2022/texmf-dist/tex/latex/url/url.sty
\Urlmuskip=\muskip16
Package: url 2013/09/16  ver 3.4  Verb mode for urls, etc.
))
(./pgfmanual-en-main.tex (./pgfmanual-en-main-preamble.tex
(/__w/pgf/pgf/tex/latex/pgf/basiclayer/pgf.sty
(/__w/pgf/pgf/tex/latex/pgf/utilities/pgfrcs.sty
(/__w/pgf/pgf/tex/generic/pgf/utilities/pgfutil-common.tex
\pgfutil@everybye=\toks18
\pgfutil@tempdima=\dimen150
\pgfutil@tempdimb=\dimen151
)
(/__w/pgf/pgf/tex/generic/pgf/utilities/pgfutil-latex.def
\pgfutil@abb=\box96
)
(/__w/pgf/pgf/tex/generic/pgf/utilities/pgfrcs.code.tex
(/__w/pgf/pgf/tex/generic/pgf/pgf.revision.tex)
Package: pgfrcs 2021-05-15 v3.1.9a (3.1.9a)
))
Package: pgf 2021-05-15 v3.1.9a (3.1.9a)

(/__w/pgf/pgf/tex/latex/pgf/basiclayer/pgfcore.sty
(/usr/local/texlive/2022/texmf-dist/tex/latex/graphics/graphicx.sty
Package: graphicx 2021/09/16 v1.2d Enhanced LaTeX Graphics (DPC,SPQR)

(/usr/local/texlive/2022/texmf-dist/tex/latex/graphics/keyval.sty
Package: keyval 2022/05/29 v1.15 key=value parser (DPC)
\KV@toks@=\toks19
)
(/usr/local/texlive/2022/texmf-dist/tex/latex/graphics/graphics.sty
Package: graphics 2022/03/10 v1.4e Standard LaTeX Graphics (DPC,SPQR)

(/usr/local/texlive/2022/texmf-dist/tex/latex/graphics/trig.sty
Package: trig 2021/08/11 v1.11 sin cos tan (DPC)
)
(/usr/local/texlive/2022/texmf-dist/tex/latex/graphics-cfg/graphics.cfg
File: graphics.cfg 2016/06/04 v1.11 sample graphics configuration
)
Package graphics Info: Driver file: luatex.def on input line 107.

(/usr/local/texlive/2022/texmf-dist/tex/latex/graphics-def/luatex.def
File: luatex.def 2022/09/22 v1.2d Graphics/color driver for luatex
))
\Gin@req@height=\dimen152
\Gin@req@width=\dimen153
)
(/__w/pgf/pgf/tex/latex/pgf/systemlayer/pgfsys.sty
(/__w/pgf/pgf/tex/generic/pgf/systemlayer/pgfsys.code.tex
Package: pgfsys 2021-05-15 v3.1.9a (3.1.9a)

(/__w/pgf/pgf/tex/generic/pgf/utilities/pgfkeys.code.tex
\pgfkeys@pathtoks=\toks20
\pgfkeys@temptoks=\toks21

(/__w/pgf/pgf/tex/generic/pgf/utilities/pgfkeyslibraryfiltered.code.tex
\pgfkeys@tmptoks=\toks22
))
\pgf@x=\dimen154
\pgf@y=\dimen155
\pgf@xa=\dimen156
\pgf@ya=\dimen157
\pgf@xb=\dimen158
\pgf@yb=\dimen159
\pgf@xc=\dimen160
\pgf@yc=\dimen161
\pgf@xd=\dimen162
\pgf@yd=\dimen163
\w@pgf@writea=\write3
\r@pgf@reada=\read2
\c@pgf@counta=\count275
\c@pgf@countb=\count276
\c@pgf@countc=\count277
\c@pgf@countd=\count278
\t@pgf@toka=\toks23
\t@pgf@tokb=\toks24
\t@pgf@tokc=\toks25
\pgf@sys@id@count=\count279

(/__w/pgf/pgf/tex/generic/pgf/systemlayer/pgf.cfg
File: pgf.cfg 2021-05-15 v3.1.9a (3.1.9a)
)
Driver file for pgf: pgfsys-luatex.def

(/__w/pgf/pgf/tex/generic/pgf/systemlayer/pgfsys-luatex.def
File: pgfsys-luatex.def 2021-05-15 v3.1.9a (3.1.9a)

(/__w/pgf/pgf/tex/generic/pgf/systemlayer/pgfsys-common-pdf.def
File: pgfsys-common-pdf.def 2021-05-15 v3.1.9a (3.1.9a)
)))
(/__w/pgf/pgf/tex/generic/pgf/systemlayer/pgfsyssoftpath.code.tex
File: pgfsyssoftpath.code.tex 2021-05-15 v3.1.9a (3.1.9a)
\pgfsyssoftpath@smallbuffer@items=\count280
\pgfsyssoftpath@bigbuffer@items=\count281
)
(/__w/pgf/pgf/tex/generic/pgf/systemlayer/pgfsysprotocol.code.tex
File: pgfsysprotocol.code.tex 2021-05-15 v3.1.9a (3.1.9a)
))
(/usr/local/texlive/2022/texmf-dist/tex/latex/xcolor/xcolor.sty
Package: xcolor 2022/06/12 v2.14 LaTeX color extensions (UK)
 (./color.cfg)
Package xcolor Info: Driver file: luatex.def on input line 227.

(/usr/local/texlive/2022/texmf-dist/tex/latex/graphics/mathcolor.ltx)
Package xcolor Info: Model `cmy' substituted by `cmy0' on input line 1353.
Package xcolor Info: Model `hsb' substituted by `rgb' on input line 1357.
Package xcolor Info: Model `RGB' extended on input line 1369.
Package xcolor Info: Model `HTML' substituted by `rgb' on input line 1371.
Package xcolor Info: Model `Hsb' substituted by `hsb' on input line 1372.
Package xcolor Info: Model `tHsb' substituted by `hsb' on input line 1373.
Package xcolor Info: Model `HSB' substituted by `hsb' on input line 1374.
Package xcolor Info: Model `Gray' substituted by `gray' on input line 1375.
Package xcolor Info: Model `wave' substituted by `hsb' on input line 1376.
)
(/__w/pgf/pgf/tex/generic/pgf/basiclayer/pgfcore.code.tex
Package: pgfcore 2021-05-15 v3.1.9a (3.1.9a)

(/__w/pgf/pgf/tex/generic/pgf/math/pgfmath.code.tex
(/__w/pgf/pgf/tex/generic/pgf/math/pgfmathutil.code.tex)
(/__w/pgf/pgf/tex/generic/pgf/math/pgfmathparser.code.tex
\pgfmath@dimen=\dimen164
\pgfmath@count=\count282
\pgfmath@box=\box97
\pgfmath@toks=\toks26
\pgfmath@stack@operand=\toks27
\pgfmath@stack@operation=\toks28
)
(/__w/pgf/pgf/tex/generic/pgf/math/pgfmathfunctions.code.tex)
(/__w/pgf/pgf/tex/generic/pgf/math/pgfmathfunctions.basic.code.tex)
(/__w/pgf/pgf/tex/generic/pgf/math/pgfmathfunctions.trigonometric.code.tex)
(/__w/pgf/pgf/tex/generic/pgf/math/pgfmathfunctions.random.code.tex)
(/__w/pgf/pgf/tex/generic/pgf/math/pgfmathfunctions.comparison.code.tex)
(/__w/pgf/pgf/tex/generic/pgf/math/pgfmathfunctions.base.code.tex)
(/__w/pgf/pgf/tex/generic/pgf/math/pgfmathfunctions.round.code.tex)
(/__w/pgf/pgf/tex/generic/pgf/math/pgfmathfunctions.misc.code.tex)
(/__w/pgf/pgf/tex/generic/pgf/math/pgfmathfunctions.integerarithmetics.code.tex
) (/__w/pgf/pgf/tex/generic/pgf/math/pgfmathcalc.code.tex)
(/__w/pgf/pgf/tex/generic/pgf/math/pgfmathfloat.code.tex
\c@pgfmathroundto@lastzeros=\count283
))
(/__w/pgf/pgf/tex/generic/pgf/math/pgfint.code.tex)
(/__w/pgf/pgf/tex/generic/pgf/basiclayer/pgfcorepoints.code.tex
File: pgfcorepoints.code.tex 2021-05-15 v3.1.9a (3.1.9a)
\pgf@picminx=\dimen165
\pgf@picmaxx=\dimen166
\pgf@picminy=\dimen167
\pgf@picmaxy=\dimen168
\pgf@pathminx=\dimen169
\pgf@pathmaxx=\dimen170
\pgf@pathminy=\dimen171
\pgf@pathmaxy=\dimen172
\pgf@xx=\dimen173
\pgf@xy=\dimen174
\pgf@yx=\dimen175
\pgf@yy=\dimen176
\pgf@zx=\dimen177
\pgf@zy=\dimen178
)
(/__w/pgf/pgf/tex/generic/pgf/basiclayer/pgfcorepathconstruct.code.tex
File: pgfcorepathconstruct.code.tex 2021-05-15 v3.1.9a (3.1.9a)
\pgf@path@lastx=\dimen179
\pgf@path@lasty=\dimen180
)
(/__w/pgf/pgf/tex/generic/pgf/basiclayer/pgfcorepathusage.code.tex
File: pgfcorepathusage.code.tex 2021-05-15 v3.1.9a (3.1.9a)
\pgf@shorten@end@additional=\dimen181
\pgf@shorten@start@additional=\dimen182
)
(/__w/pgf/pgf/tex/generic/pgf/basiclayer/pgfcorescopes.code.tex
File: pgfcorescopes.code.tex 2021-05-15 v3.1.9a (3.1.9a)
\pgfpic=\box98
\pgf@hbox=\box99
\pgf@layerbox@main=\box100
\pgf@picture@serial@count=\count284
)
(/__w/pgf/pgf/tex/generic/pgf/basiclayer/pgfcoregraphicstate.code.tex
File: pgfcoregraphicstate.code.tex 2021-05-15 v3.1.9a (3.1.9a)
\pgflinewidth=\dimen183
)
(/__w/pgf/pgf/tex/generic/pgf/basiclayer/pgfcoretransformations.code.tex
File: pgfcoretransformations.code.tex 2021-05-15 v3.1.9a (3.1.9a)
\pgf@pt@x=\dimen184
\pgf@pt@y=\dimen185
\pgf@pt@temp=\dimen186
)
(/__w/pgf/pgf/tex/generic/pgf/basiclayer/pgfcorequick.code.tex
File: pgfcorequick.code.tex 2021-05-15 v3.1.9a (3.1.9a)
)
(/__w/pgf/pgf/tex/generic/pgf/basiclayer/pgfcoreobjects.code.tex
File: pgfcoreobjects.code.tex 2021-05-15 v3.1.9a (3.1.9a)
)
(/__w/pgf/pgf/tex/generic/pgf/basiclayer/pgfcorepathprocessing.code.tex
File: pgfcorepathprocessing.code.tex 2021-05-15 v3.1.9a (3.1.9a)
)
(/__w/pgf/pgf/tex/generic/pgf/basiclayer/pgfcorearrows.code.tex
File: pgfcorearrows.code.tex 2021-05-15 v3.1.9a (3.1.9a)
\pgfarrowsep=\dimen187
)
(/__w/pgf/pgf/tex/generic/pgf/basiclayer/pgfcoreshade.code.tex
File: pgfcoreshade.code.tex 2021-05-15 v3.1.9a (3.1.9a)
\pgf@max=\dimen188
\pgf@sys@shading@range@num=\count285
\pgf@shadingcount=\count286
)
(/__w/pgf/pgf/tex/generic/pgf/basiclayer/pgfcoreimage.code.tex
File: pgfcoreimage.code.tex 2021-05-15 v3.1.9a (3.1.9a)
)
(/__w/pgf/pgf/tex/generic/pgf/basiclayer/pgfcoreexternal.code.tex
File: pgfcoreexternal.code.tex 2021-05-15 v3.1.9a (3.1.9a)
\pgfexternal@startupbox=\box101
)
(/__w/pgf/pgf/tex/generic/pgf/basiclayer/pgfcorelayers.code.tex
File: pgfcorelayers.code.tex 2021-05-15 v3.1.9a (3.1.9a)
)
(/__w/pgf/pgf/tex/generic/pgf/basiclayer/pgfcoretransparency.code.tex
File: pgfcoretransparency.code.tex 2021-05-15 v3.1.9a (3.1.9a)
)
(/__w/pgf/pgf/tex/generic/pgf/basiclayer/pgfcorepatterns.code.tex
File: pgfcorepatterns.code.tex 2021-05-15 v3.1.9a (3.1.9a)
)
(/__w/pgf/pgf/tex/generic/pgf/basiclayer/pgfcorerdf.code.tex
File: pgfcorerdf.code.tex 2021-05-15 v3.1.9a (3.1.9a)
)))
(/__w/pgf/pgf/tex/generic/pgf/modules/pgfmoduleshapes.code.tex
File: pgfmoduleshapes.code.tex 2021-05-15 v3.1.9a (3.1.9a)
\pgfnodeparttextbox=\box102
)
(/__w/pgf/pgf/tex/generic/pgf/modules/pgfmoduleplot.code.tex
File: pgfmoduleplot.code.tex 2021-05-15 v3.1.9a (3.1.9a)
))
(/usr/local/texlive/2022/texmf-dist/tex/latex/xkeyval/xkeyval.sty
Package: xkeyval 2022/06/16 v2.9 package option processing (HA)

(/usr/local/texlive/2022/texmf-dist/tex/generic/xkeyval/xkeyval.tex
(/usr/local/texlive/2022/texmf-dist/tex/generic/xkeyval/xkvutils.tex
\XKV@toks=\toks29
\XKV@tempa@toks=\toks30
)
\XKV@depth=\count287
File: xkeyval.tex 2014/12/03 v2.7a key=value parser (HA)
))
(/usr/local/texlive/2022/texmf-dist/tex/latex/tools/calc.sty
Package: calc 2017/05/25 v4.3 Infix arithmetic (KKT,FJ)
\calc@Acount=\count288
\calc@Bcount=\count289
\calc@Adimen=\dimen189
\calc@Bdimen=\dimen190
\calc@Askip=\skip53
\calc@Bskip=\skip54
LaTeX Info: Redefining \setlength on input line 80.
LaTeX Info: Redefining \addtolength on input line 81.
\calc@Ccount=\count290
\calc@Cskip=\skip55
)
(/usr/local/texlive/2022/texmf-dist/tex/latex/listings/listings.sty
\lst@mode=\count291
\lst@gtempboxa=\box103
\lst@token=\toks31
\lst@length=\count292
\lst@currlwidth=\dimen191
\lst@column=\count293
\lst@pos=\count294
\lst@lostspace=\dimen192
\lst@width=\dimen193
\lst@newlines=\count295
\lst@lineno=\count296
\lst@maxwidth=\dimen194

(/usr/local/texlive/2022/texmf-dist/tex/latex/listings/lstmisc.sty
File: lstmisc.sty 2020/03/24 1.8d (Carsten Heinz)
\c@lstnumber=\count297
\lst@skipnumbers=\count298
\lst@framebox=\box104
)
(/usr/local/texlive/2022/texmf-dist/tex/latex/listings/listings.cfg
File: listings.cfg 2020/03/24 1.8d listings configuration
))
Package: listings 2020/03/24 1.8d (Carsten Heinz)

(/__w/pgf/pgf/tex/latex/pgf/frontendlayer/tikz.sty
(/__w/pgf/pgf/tex/latex/pgf/utilities/pgffor.sty
(/__w/pgf/pgf/tex/latex/pgf/utilities/pgfkeys.sty
(/__w/pgf/pgf/tex/generic/pgf/utilities/pgfkeys.code.tex))
(/__w/pgf/pgf/tex/latex/pgf/math/pgfmath.sty
(/__w/pgf/pgf/tex/generic/pgf/math/pgfmath.code.tex))
(/__w/pgf/pgf/tex/generic/pgf/utilities/pgffor.code.tex
Package: pgffor 2021-05-15 v3.1.9a (3.1.9a)
\pgffor@iter=\dimen195
\pgffor@skip=\dimen196
\pgffor@stack=\toks32
\pgffor@toks=\toks33
))
(/__w/pgf/pgf/tex/generic/pgf/frontendlayer/tikz/tikz.code.tex
Package: tikz 2021-05-15 v3.1.9a (3.1.9a)

(/__w/pgf/pgf/tex/generic/pgf/libraries/pgflibraryplothandlers.code.tex
File: pgflibraryplothandlers.code.tex 2021-05-15 v3.1.9a (3.1.9a)
\pgf@plot@mark@count=\count299
\pgfplotmarksize=\dimen197
)
\tikz@lastx=\dimen198
\tikz@lasty=\dimen199
\tikz@lastxsaved=\dimen256
\tikz@lastysaved=\dimen257
\tikz@lastmovetox=\dimen258
\tikz@lastmovetoy=\dimen259
\tikzleveldistance=\dimen260
\tikzsiblingdistance=\dimen261
\tikz@figbox=\box105
\tikz@figbox@bg=\box106
\tikz@tempbox=\box107
\tikz@tempbox@bg=\box108
\tikztreelevel=\count300
\tikznumberofchildren=\count301
\tikznumberofcurrentchild=\count302
\tikz@fig@count=\count303

(/__w/pgf/pgf/tex/generic/pgf/modules/pgfmodulematrix.code.tex
File: pgfmodulematrix.code.tex 2021-05-15 v3.1.9a (3.1.9a)
\pgfmatrixcurrentrow=\count304
\pgfmatrixcurrentcolumn=\count305
\pgf@matrix@numberofcolumns=\count306
)
\tikz@expandcount=\count307

(/__w/pgf/pgf/tex/generic/pgf/frontendlayer/tikz/libraries/tikzlibrarytopaths.c
ode.tex
File: tikzlibrarytopaths.code.tex 2021-05-15 v3.1.9a (3.1.9a)
))) (/usr/local/texlive/2022/texmf-dist/tex/latex/fp/fp.sty
Package: fp 1995/04/02

`Fixed Point Package', Version 0.8, April 2, 1995 (C) Michael Mehlich
(/usr/local/texlive/2022/texmf-dist/tex/latex/fp/defpattern.sty
Package: defpattern 1994/10/12
\actioncount=\count308
)
(/usr/local/texlive/2022/texmf-dist/tex/latex/fp/fp-basic.sty
Package: fp-basic 1996/05/13
\FP@xs=\count309
\FP@xia=\count310
\FP@xib=\count311
\FP@xfa=\count312
\FP@xfb=\count313
\FP@rega=\count314
\FP@regb=\count315
\FP@regs=\count316
\FP@times=\count317
)
(/usr/local/texlive/2022/texmf-dist/tex/latex/fp/fp-addons.sty
Package: fp-addons 1995/03/15
)
(/usr/local/texlive/2022/texmf-dist/tex/latex/fp/fp-snap.sty
Package: fp-snap 1995/04/05
)
(/usr/local/texlive/2022/texmf-dist/tex/latex/fp/fp-exp.sty
Package: fp-exp 1995/04/03
)
(/usr/local/texlive/2022/texmf-dist/tex/latex/fp/fp-trigo.sty
Package: fp-trigo 1995/04/14
)
(/usr/local/texlive/2022/texmf-dist/tex/latex/fp/fp-pas.sty
Package: fp-pas 1994/08/29
)
(/usr/local/texlive/2022/texmf-dist/tex/latex/fp/fp-random.sty
Package: fp-random 1995/02/23
\FPseed=\count318
)
(/usr/local/texlive/2022/texmf-dist/tex/latex/fp/fp-eqn.sty
Package: fp-eqn 1995/04/03
)
(/usr/local/texlive/2022/texmf-dist/tex/latex/fp/fp-upn.sty
Package: fp-upn 1996/10/21
)
(/usr/local/texlive/2022/texmf-dist/tex/latex/fp/fp-eval.sty
Package: fp-eval 1995/04/03
))
(/usr/local/texlive/2022/texmf-dist/tex/latex/imakeidx/imakeidx.sty
Package: imakeidx 2016/10/15 v1.3e Package for typesetting indices in a synchro
nous mode

(/usr/local/texlive/2022/texmf-dist/tex/generic/iftex/ifxetex.sty
Package: ifxetex 2019/10/25 v0.7 ifxetex legacy package. Use iftex instead.

(/usr/local/texlive/2022/texmf-dist/tex/generic/iftex/iftex.sty
Package: iftex 2022/02/03 v1.0f TeX engine tests
))
(/usr/local/texlive/2022/texmf-dist/tex/generic/iftex/ifluatex.sty
Package: ifluatex 2019/10/25 v1.5 ifluatex legacy package. Use iftex instead.
))
\pgfmanual@idxfile=\write4

\openout4 = pgfmanual.idx

Writing index file pgfmanual.idx
(/usr/local/texlive/2022/texmf-dist/tex/latex/hyperref/hyperref.sty
Package: hyperref 2022-09-22 v7.00t Hypertext links for LaTeX

(/usr/local/texlive/2022/texmf-dist/tex/generic/ltxcmds/ltxcmds.sty
Package: ltxcmds 2020-05-10 v1.25 LaTeX kernel commands for general use (HO)
)
(/usr/local/texlive/2022/texmf-dist/tex/generic/pdftexcmds/pdftexcmds.sty
Package: pdftexcmds 2020-06-27 v0.33 Utility functions of pdfTeX for LuaTeX (HO
)

(/usr/local/texlive/2022/texmf-dist/tex/generic/infwarerr/infwarerr.sty
Package: infwarerr 2019/12/03 v1.5 Providing info/warning/error messages (HO)
)
Package pdftexcmds Info: \pdf@primitive is available.
Package pdftexcmds Info: \pdf@ifprimitive is available.
Package pdftexcmds Info: \pdfdraftmode found.
\pdftexcmds@toks=\toks34
)
(/usr/local/texlive/2022/texmf-dist/tex/latex/kvsetkeys/kvsetkeys.sty
Package: kvsetkeys 2022-10-05 v1.19 Key value parser (HO)
)
(/usr/local/texlive/2022/texmf-dist/tex/generic/kvdefinekeys/kvdefinekeys.sty
Package: kvdefinekeys 2019-12-19 v1.6 Define keys (HO)
)
(/usr/local/texlive/2022/texmf-dist/tex/generic/pdfescape/pdfescape.sty
Package: pdfescape 2019/12/09 v1.15 Implements pdfTeX's escape features (HO)
)
(/usr/local/texlive/2022/texmf-dist/tex/latex/hycolor/hycolor.sty
Package: hycolor 2020-01-27 v1.10 Color options for hyperref/bookmark (HO)
)
(/usr/local/texlive/2022/texmf-dist/tex/latex/letltxmacro/letltxmacro.sty
Package: letltxmacro 2019/12/03 v1.6 Let assignment for LaTeX macros (HO)
)
(/usr/local/texlive/2022/texmf-dist/tex/latex/auxhook/auxhook.sty
Package: auxhook 2019-12-17 v1.6 Hooks for auxiliary files (HO)
)
(/usr/local/texlive/2022/texmf-dist/tex/latex/hyperref/nameref.sty
Package: nameref 2022-05-17 v2.50 Cross-referencing by name of section

(/usr/local/texlive/2022/texmf-dist/tex/latex/refcount/refcount.sty
Package: refcount 2019/12/15 v3.6 Data extraction from label references (HO)
)
(/usr/local/texlive/2022/texmf-dist/tex/generic/gettitlestring/gettitlestring.s
ty
Package: gettitlestring 2019/12/15 v1.6 Cleanup title references (HO)
 (/usr/local/texlive/2022/texmf-dist/tex/latex/kvoptions/kvoptions.sty
Package: kvoptions 2022-06-15 v3.15 Key value format for package options (HO)
))
\c@section@level=\count319
)
\@linkdim=\dimen262
\Hy@linkcounter=\count320
\Hy@pagecounter=\count321

(/usr/local/texlive/2022/texmf-dist/tex/latex/hyperref/pd1enc.def
File: pd1enc.def 2022-09-22 v7.00t Hyperref: PDFDocEncoding definition (HO)
)
(/usr/local/texlive/2022/texmf-dist/tex/generic/intcalc/intcalc.sty
Package: intcalc 2019/12/15 v1.3 Expandable calculations with integers (HO)
)
(/usr/local/texlive/2022/texmf-dist/tex/generic/etexcmds/etexcmds.sty
Package: etexcmds 2019/12/15 v1.7 Avoid name clashes with e-TeX commands (HO)
)
\Hy@SavedSpaceFactor=\count322

(/usr/local/texlive/2022/texmf-dist/tex/latex/hyperref/puenc.def
File: puenc.def 2022-09-22 v7.00t Hyperref: PDF Unicode definition (HO)
)
Package hyperref Info: Hyper figures OFF on input line 4162.
Package hyperref Info: Link nesting OFF on input line 4167.
Package hyperref Info: Hyper index ON on input line 4170.
Package hyperref Info: Plain pages OFF on input line 4177.
Package hyperref Info: Backreferencing OFF on input line 4182.
Package hyperref Info: Implicit mode ON; LaTeX internals redefined.
\stockwidth=\dimen263
\stockheight=\dimen264
Package hyperref Info: Bookmarks ON on input line 4410.
\c@Hy@tempcnt=\count323
LaTeX Info: Redefining \url on input line 4748.
\XeTeXLinkMargin=\dimen265

(/usr/local/texlive/2022/texmf-dist/tex/generic/bitset/bitset.sty
Package: bitset 2019/12/09 v1.3 Handle bit-vector datatype (HO)

(/usr/local/texlive/2022/texmf-dist/tex/generic/bigintcalc/bigintcalc.sty
Package: bigintcalc 2019/12/15 v1.5 Expandable calculations on big integers (HO
)
))
\Fld@menulength=\count324
\Field@Width=\dimen266
\Fld@charsize=\dimen267
Package hyperref Info: Hyper figures OFF on input line 6027.
Package hyperref Info: Link nesting OFF on input line 6032.
Package hyperref Info: Hyper index ON on input line 6035.
Package hyperref Info: backreferencing OFF on input line 6042.
Package hyperref Info: Link coloring OFF on input line 6047.
Package hyperref Info: Link coloring with OCG OFF on input line 6052.
Package hyperref Info: PDF/A mode OFF on input line 6057.

(/usr/local/texlive/2022/texmf-dist/tex/latex/base/atbegshi-ltx.sty
Package: atbegshi-ltx 2021/01/10 v1.0c Emulation of the original atbegshi
package with kernel methods
)
\Hy@abspage=\count325
\c@Item=\count326
\c@Hfootnote=\count327
)
Package hyperref Info: Driver (autodetected): hluatex.

(/usr/local/texlive/2022/texmf-dist/tex/latex/hyperref/hluatex.def
File: hluatex.def 2022-09-22 v7.00t Hyperref driver for luaTeX

(/usr/local/texlive/2022/texmf-dist/tex/generic/stringenc/stringenc.sty
Package: stringenc 2019/11/29 v1.12 Convert strings between diff. encodings (HO
)
)
(/usr/local/texlive/2022/texmf-dist/tex/latex/base/atveryend-ltx.sty
Package: atveryend-ltx 2020/08/19 v1.0a Emulation of the original atveryend pac
kage
with kernel methods
)
\Fld@listcount=\count328
\c@bookmark@seq@number=\count329

(/usr/local/texlive/2022/texmf-dist/tex/latex/rerunfilecheck/rerunfilecheck.sty
Package: rerunfilecheck 2022-07-10 v1.10 Rerun checks for auxiliary files (HO)

(/usr/local/texlive/2022/texmf-dist/tex/generic/uniquecounter/uniquecounter.sty
Package: uniquecounter 2019/12/15 v1.4 Provide unlimited unique counter (HO)
)
Package uniquecounter Info: New unique counter `rerunfilecheck' on input line 2
85.
)
\Hy@SectionHShift=\skip56
)
Package hyperref Info: Option `colorlinks' set `false' on input line 30.

(/__w/pgf/pgf/tex/generic/pgf/frontendlayer/tikz/libraries/tikzlibrary3d.code.t
ex
File: tikzlibrary3d.code.tex 2021-05-15 v3.1.9a (3.1.9a)
)
(/__w/pgf/pgf/tex/generic/pgf/frontendlayer/tikz/libraries/tikzlibraryarrows.co
de.tex
File: tikzlibraryarrows.code.tex 2021-05-15 v3.1.9a (3.1.9a)
 (/__w/pgf/pgf/tex/generic/pgf/libraries/pgflibraryarrows.code.tex
File: pgflibraryarrows.code.tex 2021-05-15 v3.1.9a (3.1.9a)
\arrowsize=\dimen268
))
(/__w/pgf/pgf/tex/generic/pgf/libraries/pgflibraryarrows.spaced.code.tex
File: pgflibraryarrows.spaced.code.tex 2021-05-15 v3.1.9a (3.1.9a)
)
(/__w/pgf/pgf/tex/generic/pgf/libraries/pgflibraryarrows.meta.code.tex
File: pgflibraryarrows.meta.code.tex 2021-05-15 v3.1.9a (3.1.9a)
\pgfarrowinset=\dimen269
\pgfarrowlength=\dimen270
\pgfarrowwidth=\dimen271
\pgfarrowlinewidth=\dimen272
)
(/__w/pgf/pgf/tex/generic/pgf/frontendlayer/tikz/libraries/tikzlibrarybending.c
ode.tex
File: tikzlibrarybending.code.tex 2021-05-15 v3.1.9a (3.1.9a)
 (/__w/pgf/pgf/tex/generic/pgf/modules/pgfmodulebending.code.tex
File: pgfmodulebending.code.tex 2021-05-15 v3.1.9a (3.1.9a)

(/__w/pgf/pgf/tex/generic/pgf/modules/pgfmodulenonlineartransformations.code.te
x
File: pgfmodulenonlineartransformations.code.tex 2021-05-15 v3.1.9a (3.1.9a)
\pgftransformnonlinearflatness=\dimen273
) (/__w/pgf/pgf/tex/generic/pgf/libraries/pgflibrarycurvilinear.code.tex
File: pgflibrarycurvilinear.code.tex 2021-05-15 v3.1.9a (3.1.9a)
\pgf@curvilinear@time@a=\dimen274
\pgf@curvilinear@length@a=\dimen275
\pgf@curvilinear@length@b=\dimen276
\pgf@curvilinear@length@c=\dimen277
\pgf@curvilinear@length@d=\dimen278
)
\pgf@arrows@the@rigidity=\dimen279
))
(/__w/pgf/pgf/tex/generic/pgf/frontendlayer/tikz/libraries/tikzlibrarybabel.cod
e.tex
File: tikzlibrarybabel.code.tex 2021-05-15 v3.1.9a (3.1.9a)
)
(/__w/pgf/pgf/tex/generic/pgf/frontendlayer/tikz/libraries/tikzlibrarycalc.code
.tex
File: tikzlibrarycalc.code.tex 2021-05-15 v3.1.9a (3.1.9a)
)
(/__w/pgf/pgf/tex/generic/pgf/frontendlayer/tikz/libraries/tikzlibraryfit.code.
tex
File: tikzlibraryfit.code.tex 2021-05-15 v3.1.9a (3.1.9a)
)
(/__w/pgf/pgf/tex/generic/pgf/frontendlayer/tikz/libraries/tikzlibrarypatterns.
code.tex
File: tikzlibrarypatterns.code.tex 2021-05-15 v3.1.9a (3.1.9a)
 (/__w/pgf/pgf/tex/generic/pgf/libraries/pgflibrarypatterns.code.tex
File: pgflibrarypatterns.code.tex 2021-05-15 v3.1.9a (3.1.9a)
))
(/__w/pgf/pgf/tex/generic/pgf/frontendlayer/tikz/libraries/tikzlibrarypatterns.
meta.code.tex
(/__w/pgf/pgf/tex/generic/pgf/libraries/pgflibrarypatterns.meta.code.tex))
(/__w/pgf/pgf/tex/generic/pgf/frontendlayer/tikz/libraries/tikzlibraryplotmarks
.code.tex
File: tikzlibraryplotmarks.code.tex 2021-05-15 v3.1.9a (3.1.9a)
 (/__w/pgf/pgf/tex/generic/pgf/libraries/pgflibraryplotmarks.code.tex
File: pgflibraryplotmarks.code.tex 2021-05-15 v3.1.9a (3.1.9a)
))
(/__w/pgf/pgf/tex/generic/pgf/frontendlayer/tikz/libraries/tikzlibraryshapes.ge
ometric.code.tex
File: tikzlibraryshapes.geometric.code.tex 2021-05-15 v3.1.9a (3.1.9a)

(/__w/pgf/pgf/tex/generic/pgf/libraries/shapes/pgflibraryshapes.geometric.code.
tex
File: pgflibraryshapes.geometric.code.tex 2021-05-15 v3.1.9a (3.1.9a)
))
(/__w/pgf/pgf/tex/generic/pgf/frontendlayer/tikz/libraries/tikzlibraryshapes.mi
sc.code.tex
File: tikzlibraryshapes.misc.code.tex 2021-05-15 v3.1.9a (3.1.9a)

(/__w/pgf/pgf/tex/generic/pgf/libraries/shapes/pgflibraryshapes.misc.code.tex
File: pgflibraryshapes.misc.code.tex 2021-05-15 v3.1.9a (3.1.9a)
))
(/__w/pgf/pgf/tex/generic/pgf/frontendlayer/tikz/libraries/tikzlibraryshapes.sy
mbols.code.tex
File: tikzlibraryshapes.symbols.code.tex 2021-05-15 v3.1.9a (3.1.9a)

(/__w/pgf/pgf/tex/generic/pgf/libraries/shapes/pgflibraryshapes.symbols.code.te
x
File: pgflibraryshapes.symbols.code.tex 2021-05-15 v3.1.9a (3.1.9a)
))
(/__w/pgf/pgf/tex/generic/pgf/frontendlayer/tikz/libraries/tikzlibraryshapes.ar
rows.code.tex
File: tikzlibraryshapes.arrows.code.tex 2021-05-15 v3.1.9a (3.1.9a)

(/__w/pgf/pgf/tex/generic/pgf/libraries/shapes/pgflibraryshapes.arrows.code.tex
File: pgflibraryshapes.arrows.code.tex 2021-05-15 v3.1.9a (3.1.9a)
))
(/__w/pgf/pgf/tex/generic/pgf/frontendlayer/tikz/libraries/tikzlibraryshapes.ca
llouts.code.tex
(/__w/pgf/pgf/tex/generic/pgf/libraries/shapes/pgflibraryshapes.callouts.code.t
ex))
(/__w/pgf/pgf/tex/generic/pgf/frontendlayer/tikz/libraries/tikzlibraryshapes.mu
ltipart.code.tex
File: tikzlibraryshapes.multipart.code.tex 2021-05-15 v3.1.9a (3.1.9a)

(/__w/pgf/pgf/tex/generic/pgf/libraries/shapes/pgflibraryshapes.multipart.code.
tex
File: pgflibraryshapes.multipart.code.tex 2021-05-15 v3.1.9a (3.1.9a)
\pgfnodepartlowerbox=\box109
\pgfnodeparttwobox=\box110
\pgfnodepartthreebox=\box111
\pgfnodepartfourbox=\box112
\pgfnodeparttwentybox=\box113
\pgfnodepartnineteenbox=\box114
\pgfnodeparteighteenbox=\box115
\pgfnodepartseventeenbox=\box116
\pgfnodepartsixteenbox=\box117
\pgfnodepartfifteenbox=\box118
\pgfnodepartfourteenbox=\box119
\pgfnodepartthirteenbox=\box120
\pgfnodeparttwelvebox=\box121
\pgfnodepartelevenbox=\box122
\pgfnodeparttenbox=\box123
\pgfnodepartninebox=\box124
\pgfnodeparteightbox=\box125
\pgfnodepartsevenbox=\box126
\pgfnodepartsixbox=\box127
\pgfnodepartfivebox=\box128
))
(/__w/pgf/pgf/tex/generic/pgf/frontendlayer/tikz/libraries/tikzlibraryshapes.ga
tes.logic.US.code.tex
File: tikzlibraryshapes.gates.logic.US.code.tex 2021-05-15 v3.1.9a (3.1.9a)

(/__w/pgf/pgf/tex/generic/pgf/libraries/shapes/circuits/pgflibraryshapes.gates.
logic.US.code.tex
(/__w/pgf/pgf/tex/generic/pgf/libraries/shapes/circuits/pgflibraryshapes.gates.
logic.code.tex)))
(/__w/pgf/pgf/tex/generic/pgf/frontendlayer/tikz/libraries/tikzlibraryshapes.ga
tes.logic.IEC.code.tex
File: tikzlibraryshapes.gates.logic.IEC.code.tex 2021-05-15 v3.1.9a (3.1.9a)

(/__w/pgf/pgf/tex/generic/pgf/libraries/shapes/circuits/pgflibraryshapes.gates.
logic.IEC.code.tex))
(/__w/pgf/pgf/tex/generic/pgf/frontendlayer/tikz/libraries/circuits/tikzlibrary
circuits.logic.US.code.tex
(/__w/pgf/pgf/tex/generic/pgf/frontendlayer/tikz/libraries/circuits/tikzlibrary
circuits.logic.code.tex
(/__w/pgf/pgf/tex/generic/pgf/frontendlayer/tikz/libraries/circuits/tikzlibrary
circuits.code.tex
(/__w/pgf/pgf/tex/generic/pgf/frontendlayer/tikz/libraries/tikzlibrarydecoratio
ns.markings.code.tex
(/__w/pgf/pgf/tex/generic/pgf/frontendlayer/tikz/libraries/tikzlibrarydecoratio
ns.code.tex (/__w/pgf/pgf/tex/generic/pgf/modules/pgfmoduledecorations.code.tex
\pgfdecoratedcompleteddistance=\dimen280
\pgfdecoratedremainingdistance=\dimen281
\pgfdecoratedinputsegmentcompleteddistance=\dimen282
\pgfdecoratedinputsegmentremainingdistance=\dimen283
\pgf@decorate@distancetomove=\dimen284
\pgf@decorate@repeatstate=\count330
\pgfdecorationsegmentamplitude=\dimen285
\pgfdecorationsegmentlength=\dimen286
)
\tikz@lib@dec@box=\box129
)
(/__w/pgf/pgf/tex/generic/pgf/libraries/decorations/pgflibrarydecorations.marki
ngs.code.tex))
\tikz@lib@circ@count=\count331
\tikzcircuitssizeunit=\dimen287
)))
(/__w/pgf/pgf/tex/generic/pgf/frontendlayer/tikz/libraries/circuits/tikzlibrary
circuits.logic.IEC.code.tex)
(/__w/pgf/pgf/tex/generic/pgf/frontendlayer/tikz/libraries/circuits/tikzlibrary
circuits.logic.CDH.code.tex)
(/__w/pgf/pgf/tex/generic/pgf/frontendlayer/tikz/libraries/circuits/tikzlibrary
circuits.ee.IEC.code.tex
(/__w/pgf/pgf/tex/generic/pgf/frontendlayer/tikz/libraries/circuits/tikzlibrary
circuits.ee.code.tex
(/__w/pgf/pgf/tex/generic/pgf/libraries/shapes/circuits/pgflibraryshapes.gates.
ee.code.tex))
(/__w/pgf/pgf/tex/generic/pgf/libraries/shapes/circuits/pgflibraryshapes.gates.
ee.IEC.code.tex))
(/__w/pgf/pgf/tex/generic/pgf/frontendlayer/tikz/libraries/datavisualization/ti
kzlibrarydatavisualization.code.tex
File: tikzlibrarydatavisualization.code.tex 2021-05-15 v3.1.9a (3.1.9a)

(/__w/pgf/pgf/tex/generic/pgf/modules/pgfmoduledatavisualization.code.tex
File: pgfmoduledatavisualization.code.tex 2021-05-15 v3.1.9a (3.1.9a)

(/__w/pgf/pgf/tex/generic/pgf/modules/pgfmoduleoo.code.tex
\pgfoo@objectcount=\count332
\pgfoothis@count=\count333
\pgfoo@toks=\toks35
)
(/__w/pgf/pgf/tex/generic/pgf/libraries/pgflibraryfpu.code.tex)
\pgf@lib@dv@cache@count=\count334
\pgf@lib@dv@cache@count=\count335
)
(/__w/pgf/pgf/tex/generic/pgf/frontendlayer/tikz/libraries/tikzlibrarybackgroun
ds.code.tex
File: tikzlibrarybackgrounds.code.tex 2021-05-15 v3.1.9a (3.1.9a)
\pgf@layerbox@background=\box130
\pgf@layerboxsaved@background=\box131
)
\tikzdvvisualizercounter=\count336
)
(/__w/pgf/pgf/tex/generic/pgf/frontendlayer/tikz/libraries/datavisualization/ti
kzlibrarydatavisualization.polar.code.tex
File: tikzlibrarydatavisualization.polar.code.tex 2021-05-15 v3.1.9a (3.1.9a)

(/__w/pgf/pgf/tex/generic/pgf/libraries/datavisualization/pgflibrarydatavisuali
zation.polar.code.tex
File: pgflibrarydatavisualization.polar.code.tex 2021-05-15 v3.1.9a (3.1.9a)
))
(/__w/pgf/pgf/tex/generic/pgf/frontendlayer/tikz/libraries/datavisualization/ti
kzlibrarydatavisualization.formats.functions.code.tex
File: tikzlibrarydatavisualization.formats.functions.code.tex 2021-05-15 v3.1.9
a (3.1.9a)

(/__w/pgf/pgf/tex/generic/pgf/libraries/datavisualization/pgflibrarydatavisuali
zation.formats.functions.code.tex
File: pgflibrarydatavisualization.formats.functions.code.tex 2021-05-15 v3.1.9a
 (3.1.9a)
))
(/__w/pgf/pgf/tex/generic/pgf/frontendlayer/tikz/libraries/tikzlibraryer.code.t
ex
File: tikzlibraryer.code.tex 2021-05-15 v3.1.9a (3.1.9a)
)
(/__w/pgf/pgf/tex/generic/pgf/frontendlayer/tikz/libraries/tikzlibraryautomata.
code.tex
File: tikzlibraryautomata.code.tex 2021-05-15 v3.1.9a (3.1.9a)
)
(/__w/pgf/pgf/tex/generic/pgf/frontendlayer/tikz/libraries/tikzlibrarychains.co
de.tex
File: tikzlibrarychains.code.tex 2021-05-15 v3.1.9a (3.1.9a)

(/__w/pgf/pgf/tex/generic/pgf/frontendlayer/tikz/libraries/tikzlibrarypositioni
ng.code.tex
File: tikzlibrarypositioning.code.tex 2021-05-15 v3.1.9a (3.1.9a)
))
(/__w/pgf/pgf/tex/generic/pgf/frontendlayer/tikz/libraries/tikzlibrarytrees.cod
e.tex
File: tikzlibrarytrees.code.tex 2021-05-15 v3.1.9a (3.1.9a)
)
(/__w/pgf/pgf/tex/generic/pgf/frontendlayer/tikz/libraries/tikzlibrarypetri.cod
e.tex
File: tikzlibrarypetri.code.tex 2021-05-15 v3.1.9a (3.1.9a)
)
(/__w/pgf/pgf/tex/generic/pgf/frontendlayer/tikz/libraries/tikzlibrarymindmap.c
ode.tex
File: tikzlibrarymindmap.code.tex 2021-05-15 v3.1.9a (3.1.9a)
)
(/__w/pgf/pgf/tex/generic/pgf/frontendlayer/tikz/libraries/tikzlibrarymatrix.co
de.tex
File: tikzlibrarymatrix.code.tex 2021-05-15 v3.1.9a (3.1.9a)
)
(/__w/pgf/pgf/tex/generic/pgf/frontendlayer/tikz/libraries/tikzlibrarycalendar.
code.tex
File: tikzlibrarycalendar.code.tex 2021-05-15 v3.1.9a (3.1.9a)
 (/__w/pgf/pgf/tex/latex/pgf/utilities/pgfcalendar.sty
(/__w/pgf/pgf/tex/generic/pgf/utilities/pgfcalendar.code.tex
File: pgfcalendar.code.tex 2021-05-15 v3.1.9a (3.1.9a)
\pgfcalendarcurrentjulian=\count337
\pgf@cal@easter@Y=\count338
\pgf@cal@easter@G=\count339
\pgf@cal@easter@C=\count340
\pgf@cal@easter@X=\count341
\pgf@cal@easter@Z=\count342
\pgf@cal@easter@D=\count343
\pgf@cal@easter@E=\count344
\pgf@cal@easter@N=\count345
\pgf@cal@easter@M=\count346
\pgf@cal@easter@julianday=\count347
)))
(/__w/pgf/pgf/tex/generic/pgf/frontendlayer/tikz/libraries/tikzlibraryfolding.c
ode.tex
File: tikzlibraryfolding.code.tex 2021-05-15 v3.1.9a (3.1.9a)
\tikz@lib@fold@length=\dimen288
)
(/__w/pgf/pgf/tex/generic/pgf/frontendlayer/tikz/libraries/tikzlibraryfadings.c
ode.tex
File: tikzlibraryfadings.code.tex 2021-05-15 v3.1.9a (3.1.9a)
 (/__w/pgf/pgf/tex/generic/pgf/libraries/pgflibraryfadings.code.tex
File: pgflibraryfadings.code.tex 2021-05-15 v3.1.9a (3.1.9a)
))
(/__w/pgf/pgf/tex/generic/pgf/frontendlayer/tikz/libraries/tikzlibraryshadings.
code.tex
File: tikzlibraryshadings.code.tex 2021-05-15 v3.1.9a (3.1.9a)
 (/__w/pgf/pgf/tex/generic/pgf/libraries/pgflibraryshadings.code.tex
File: pgflibraryshadings.code.tex 2021-05-15 v3.1.9a (3.1.9a)
))
(/__w/pgf/pgf/tex/generic/pgf/frontendlayer/tikz/libraries/tikzlibraryspy.code.
tex
File: tikzlibraryspy.code.tex 2021-05-15 v3.1.9a (3.1.9a)
\tikz@lib@spybox=\box132
)
(/__w/pgf/pgf/tex/generic/pgf/frontendlayer/tikz/libraries/tikzlibrarythrough.c
ode.tex
File: tikzlibrarythrough.code.tex 2021-05-15 v3.1.9a (3.1.9a)
)
(/__w/pgf/pgf/tex/generic/pgf/frontendlayer/tikz/libraries/tikzlibraryturtle.co
de.tex
File: tikzlibraryturtle.code.tex 2021-05-15 v3.1.9a (3.1.9a)
)
(/__w/pgf/pgf/tex/generic/pgf/frontendlayer/tikz/libraries/tikzlibraryscopes.co
de.tex
File: tikzlibraryscopes.code.tex 2021-05-15 v3.1.9a (3.1.9a)
)
(/__w/pgf/pgf/tex/generic/pgf/frontendlayer/tikz/libraries/tikzlibrarydecoratio
ns.fractals.code.tex
(/__w/pgf/pgf/tex/generic/pgf/libraries/decorations/pgflibrarydecorations.fract
als.code.tex))
(/__w/pgf/pgf/tex/generic/pgf/frontendlayer/tikz/libraries/tikzlibrarydecoratio
ns.shapes.code.tex
(/__w/pgf/pgf/tex/generic/pgf/libraries/decorations/pgflibrarydecorations.shape
s.code.tex))
(/__w/pgf/pgf/tex/generic/pgf/frontendlayer/tikz/libraries/tikzlibrarydecoratio
ns.text.code.tex
(/__w/pgf/pgf/tex/generic/pgf/libraries/decorations/pgflibrarydecorations.text.
code.tex
\pgf@lib@dec@text@box=\box133
)
\tikz@lib@dec@te@box=\box134
)
(/__w/pgf/pgf/tex/generic/pgf/frontendlayer/tikz/libraries/tikzlibrarydecoratio
ns.pathmorphing.code.tex
(/__w/pgf/pgf/tex/generic/pgf/libraries/decorations/pgflibrarydecorations.pathm
orphing.code.tex))
(/__w/pgf/pgf/tex/generic/pgf/frontendlayer/tikz/libraries/tikzlibrarydecoratio
ns.pathreplacing.code.tex
(/__w/pgf/pgf/tex/generic/pgf/libraries/decorations/pgflibrarydecorations.pathr
eplacing.code.tex))
(/__w/pgf/pgf/tex/generic/pgf/frontendlayer/tikz/libraries/tikzlibrarydecoratio
ns.footprints.code.tex
(/__w/pgf/pgf/tex/generic/pgf/libraries/decorations/pgflibrarydecorations.footp
rints.code.tex))
(/__w/pgf/pgf/tex/generic/pgf/frontendlayer/tikz/libraries/tikzlibraryshadows.c
ode.tex
File: tikzlibraryshadows.code.tex 2021-05-15 v3.1.9a (3.1.9a)
)
(/__w/pgf/pgf/tex/generic/pgf/frontendlayer/tikz/libraries/tikzlibrarylindenmay
ersystems.code.tex
(/__w/pgf/pgf/tex/generic/pgf/libraries/pgflibrarylindenmayersystems.code.tex
\pgflsystemstep=\dimen289
\c@pgf@lsystem@iteration=\count348
))
(/__w/pgf/pgf/tex/generic/pgf/frontendlayer/tikz/libraries/tikzlibraryintersect
ions.code.tex
(/__w/pgf/pgf/tex/generic/pgf/libraries/pgflibraryintersections.code.tex
\pgf@intersect@solutions=\count349
))
(/__w/pgf/pgf/tex/generic/pgf/frontendlayer/tikz/libraries/tikzlibraryfixedpoin
tarithmetic.code.tex
(/__w/pgf/pgf/tex/generic/pgf/libraries/pgflibraryfixedpointarithmetic.code.tex
))
(/__w/pgf/pgf/tex/generic/pgf/frontendlayer/tikz/libraries/tikzlibraryfpu.code.
tex)
(/__w/pgf/pgf/tex/generic/pgf/frontendlayer/tikz/libraries/tikzlibrarysvg.path.
code.tex
File: tikzlibrarysvg.path.code.tex 2021-05-15 v3.1.9a (3.1.9a)
 (/__w/pgf/pgf/tex/generic/pgf/libraries/pgflibrarysvg.path.code.tex
File: pgflibrarysvg.path.code.tex 2021-05-15 v3.1.9a (3.1.9a)

(/__w/pgf/pgf/tex/generic/pgf/modules/pgfmoduleparser.code.tex
File: pgfmoduleparser.code.tex 2021-05-15 v3.1.9a (3.1.9a)
\pgfparserdef@arg@count=\count350
)
\pgf@lib@svg@last@x=\dimen290
\pgf@lib@svg@last@y=\dimen291
\pgf@lib@svg@last@c@x=\dimen292
\pgf@lib@svg@last@c@y=\dimen293
\pgf@lib@svg@count=\count351
\pgf@lib@svg@max@num=\count352
))
(/__w/pgf/pgf/tex/latex/pgf/frontendlayer/libraries/tikzlibraryexternal.code.te
x
(/__w/pgf/pgf/tex/generic/pgf/frontendlayer/tikz/libraries/tikzexternalshared.c
ode.tex))
(/__w/pgf/pgf/tex/generic/pgf/frontendlayer/tikz/libraries/graphs/tikzlibrarygr
aphs.code.tex
File: tikzlibrarygraphs.code.tex 2021-05-15 v3.1.9a (3.1.9a)
\tikz@lib@auto@number=\count353
\tikz@qnode@count=\count354
)
(/__w/pgf/pgf/tex/generic/pgf/frontendlayer/tikz/libraries/graphs/tikzlibrarygr
aphs.standard.code.tex
File: tikzlibrarygraphs.standard.code.tex 2021-05-15 v3.1.9a (3.1.9a)
)
(/__w/pgf/pgf/tex/generic/pgf/frontendlayer/tikz/libraries/tikzlibraryquotes.co
de.tex
File: tikzlibraryquotes.code.tex 2021-05-15 v3.1.9a (3.1.9a)
)
(/__w/pgf/pgf/tex/generic/pgf/frontendlayer/tikz/libraries/tikzlibrarymath.code
.tex
\tikz@math@for@depth=\count355
\tikz@math@dimen=\dimen294
\tikz@math@toks=\toks36
)
(/__w/pgf/pgf/tex/generic/pgf/frontendlayer/tikz/libraries/tikzlibraryangles.co
de.tex
File: tikzlibraryangles.code.tex 2021-05-15 v3.1.9a (3.1.9a)
)
(/__w/pgf/pgf/tex/generic/pgf/frontendlayer/tikz/libraries/tikzlibraryviews.cod
e.tex
File: tikzlibraryviews.code.tex 2021-05-15 v3.1.9a (3.1.9a)
)
(/__w/pgf/pgf/tex/generic/pgf/frontendlayer/tikz/libraries/tikzlibraryanimation
s.code.tex
File: tikzlibraryanimations.code.tex 2021-05-15 v3.1.9a (3.1.9a)
 (/__w/pgf/pgf/tex/generic/pgf/modules/pgfmoduleanimations.code.tex
File: pgfmoduleanimations.code.tex 2021-05-15 v3.1.9a (3.1.9a)

(/__w/pgf/pgf/tex/generic/pgf/systemlayer/pgfsysanimations.code.tex
\pgfsysanim@snap@count=\count356
\pgfsysanim@lasttime=\dimen295
)
\pgf@anim@dim=\dimen296
)
\tikz@anim@once@count=\count357
)
(/__w/pgf/pgf/tex/generic/pgf/frontendlayer/tikz/libraries/tikzlibraryrdf.code.
tex
File: tikzlibraryrdf.code.tex 2021-05-15 v3.1.9a (3.1.9a)
)
(/__w/pgf/pgf/tex/generic/pgf/frontendlayer/tikz/libraries/tikzlibraryperspecti
ve.code.tex
File: tikzlibraryperspective.code.tex 2021-05-15 v3.1.9a (3.1.9a)
)
(/__w/pgf/pgf/tex/generic/pgf/graphdrawing/tex/tikzlibrarygraphdrawing.code.tex
File: tikzlibrarygraphdrawing.code.tex 2021-05-15 v3.1.9a (3.1.9a)
(/__w/pgf/pgf/tex/generic/pgf/graphdrawing/tex/pgflibrarygraphdrawing.code.tex
File: pgflibrarygraphdrawing.code.tex 2021-05-15 v3.1.9a (3.1.9a)
\pgf@gd@parameter@stack@height=\count358
\pgf@gd@node@box=\box135
\pgf@gd@edge@box=\box136
\pgf@gd@prekind@box=\box137
\pgf@gd@postkind@box=\box138
)) (/usr/local/texlive/2022/texmf-dist/tex/latex/geometry/geometry.sty
Package: geometry 2020/01/02 v5.9 Page Geometry

(/usr/local/texlive/2022/texmf-dist/tex/generic/iftex/ifvtex.sty
Package: ifvtex 2019/10/25 v1.7 ifvtex legacy package. Use iftex instead.
)
\Gm@cnth=\count359
\Gm@cntv=\count360
\c@Gm@tempcnt=\count361
\Gm@bindingoffset=\dimen297
\Gm@wd@mp=\dimen298
\Gm@odd@mp=\dimen299
\Gm@even@mp=\dimen300
\Gm@layoutwidth=\dimen301
\Gm@layoutheight=\dimen302
\Gm@layouthoffset=\dimen303
\Gm@layoutvoffset=\dimen304
\Gm@dimlist=\toks37
)
(/usr/local/texlive/2022/texmf-dist/tex/latex/amsmath/amsmath.sty
Package: amsmath 2022/04/08 v2.17n AMS math features
\@mathmargin=\skip57

For additional information on amsmath, use the `?' option.
(/usr/local/texlive/2022/texmf-dist/tex/latex/amsmath/amstext.sty
Package: amstext 2021/08/26 v2.01 AMS text

(/usr/local/texlive/2022/texmf-dist/tex/latex/amsmath/amsgen.sty
File: amsgen.sty 1999/11/30 v2.0 generic functions
\@emptytoks=\toks38
\ex@=\dimen305
))
(/usr/local/texlive/2022/texmf-dist/tex/latex/amsmath/amsbsy.sty
Package: amsbsy 1999/11/29 v1.2d Bold Symbols
\pmbraise@=\dimen306
)
(/usr/local/texlive/2022/texmf-dist/tex/latex/amsmath/amsopn.sty
Package: amsopn 2022/04/08 v2.04 operator names
)
\inf@bad=\count362
LaTeX Info: Redefining \frac on input line 236.
\uproot@=\count363
\leftroot@=\count364
LaTeX Info: Redefining \overline on input line 399.
LaTeX Info: Redefining \colon on input line 410.
\classnum@=\count365
\DOTSCASE@=\count366
LaTeX Info: Redefining \ldots on input line 496.
LaTeX Info: Redefining \dots on input line 499.
LaTeX Info: Redefining \cdots on input line 620.
\Mathstrutbox@=\box139
\strutbox@=\box140
LaTeX Info: Redefining \big on input line 722.
LaTeX Info: Redefining \Big on input line 723.
LaTeX Info: Redefining \bigg on input line 724.
LaTeX Info: Redefining \Bigg on input line 725.
\big@size=\dimen307
LaTeX Font Info:    Redeclaring font encoding OML on input line 743.
LaTeX Font Info:    Redeclaring font encoding OMS on input line 744.
\macc@depth=\count367
LaTeX Info: Redefining \bmod on input line 905.
LaTeX Info: Redefining \pmod on input line 910.
LaTeX Info: Redefining \smash on input line 940.
LaTeX Info: Redefining \relbar on input line 970.
LaTeX Info: Redefining \Relbar on input line 971.
\c@MaxMatrixCols=\count368
\dotsspace@=\muskip17
\c@parentequation=\count369
\dspbrk@lvl=\count370
\tag@help=\toks39
\row@=\count371
\column@=\count372
\maxfields@=\count373
\andhelp@=\toks40
\eqnshift@=\dimen308
\alignsep@=\dimen309
\tagshift@=\dimen310
\tagwidth@=\dimen311
\totwidth@=\dimen312
\lineht@=\dimen313
\@envbody=\toks41
\multlinegap=\skip58
\multlinetaggap=\skip59
\mathdisplay@stack=\toks42
LaTeX Info: Redefining \[ on input line 2953.
LaTeX Info: Redefining \] on input line 2954.
)
(/usr/local/texlive/2022/texmf-dist/tex/latex/amsfonts/amssymb.sty
Package: amssymb 2013/01/14 v3.01 AMS font symbols

(/usr/local/texlive/2022/texmf-dist/tex/latex/amsfonts/amsfonts.sty
Package: amsfonts 2013/01/14 v3.01 Basic AMSFonts support
\symAMSa=\mathgroup4
\symAMSb=\mathgroup5
LaTeX Font Info:    Redeclaring math symbol \hbar on input line 98.
LaTeX Font Info:    Overwriting math alphabet `\mathfrak' in version `bold'
(Font)                  U/euf/m/n --> U/euf/b/n on input line 106.
))
(/__w/pgf/pgf/tex/latex/pgf/utilities/xxcolor.sty
Package: xxcolor 2003/10/24 ver 0.1
\XC@nummixins=\count374
\XC@countmixins=\count375
)
(/usr/local/texlive/2022/texmf-dist/tex/latex/psnfss/pifont.sty
Package: pifont 2020/03/25 PSNFSS-v9.3 Pi font support (SPQR) 
LaTeX Font Info:    Trying to load font information for U+pzd on input line 63.


(/usr/local/texlive/2022/texmf-dist/tex/latex/psnfss/upzd.fd
File: upzd.fd 2001/06/04 font definitions for U/pzd.
)
LaTeX Font Info:    Trying to load font information for U+psy on input line 64.


(/usr/local/texlive/2022/texmf-dist/tex/latex/psnfss/upsy.fd
File: upsy.fd 2001/06/04 font definitions for U/psy.
))
(/usr/local/texlive/2022/texmf-dist/tex/lualatex/luainputenc/luainputenc.sty
Package: luainputenc 2010/11/19 v0.973 inputenc package for LuaTeX

(/usr/local/texlive/2022/texmf-dist/tex/luatex/luatexbase/luatexbase.sty
Package: luatexbase 2015/10/04 v1.3 luatexbase interface to LuaTeX 

(/usr/local/texlive/2022/texmf-dist/tex/luatex/ctablestack/ctablestack.sty
Package: ctablestack 2015/10/01 v1.0 Catcode table stable support
\@catcodetablestackcnt=\count376
)
\CatcodeTableOther=\catcodetable12
\CatcodeTableExpl=\catcodetable13
)
Lua module: luainputenc 2010/05/10 0.97 Lua simple inputenc package.
\inpenc@prehook=\toks43
\inpenc@posthook=\toks44

(/usr/local/texlive/2022/texmf-dist/tex/lualatex/luainputenc/lutf8.def
File: lutf8.def 2010/05/10 v0.97 UTF-8 support for luainputenc
Now handling font encoding OML ...
... no UTF-8 mapping file for font encoding OML
Now handling font encoding OMS ...
... processing UTF-8 mapping file for font encodingOMS

(/usr/local/texlive/2022/texmf-dist/tex/latex/base/omsenc.dfu
File: omsenc.dfu 2022/06/07 v1.3c UTF-8 support
)
Now handling font encoding OT1 ...
... processing UTF-8 mapping file for font encodingOT1

(/usr/local/texlive/2022/texmf-dist/tex/latex/base/ot1enc.dfu
File: ot1enc.dfu 2022/06/07 v1.3c UTF-8 support
)
Now handling font encoding T1 ...
... processing UTF-8 mapping file for font encodingT1

(/usr/local/texlive/2022/texmf-dist/tex/latex/base/t1enc.dfu
File: t1enc.dfu 2022/06/07 v1.3c UTF-8 support
)
Now handling font encoding TS1 ...
... processing UTF-8 mapping file for font encodingTS1

(/usr/local/texlive/2022/texmf-dist/tex/latex/base/ts1enc.dfu
File: ts1enc.dfu 2022/06/07 v1.3c UTF-8 support
)
Now handling font encoding TU ...
... no UTF-8 mapping file for font encoding TU
Now handling font encoding OMX ...
... no UTF-8 mapping file for font encoding OMX
Now handling font encoding U ...
... no UTF-8 mapping file for font encoding U
Now handling font encoding PD1 ...
... no UTF-8 mapping file for font encoding PD1
Now handling font encoding PU ...
... no UTF-8 mapping file for font encoding PU
))
(/__w/pgf/pgf/tex/latex/pgf/doc/pgfmanual-en-macros.tex
\pgfmanualtargetcount=\count377
\c@pgfmanualentry=\count378
\parametercount=\count379
\pgfmanualdecomposecount=\count380
\examplesource=\read3
\codeexamplewidth=\dimen314
\codeexamplebox=\box141
\codeexampleboxanim=\box142

(/__w/pgf/pgf/tex/latex/pgf/doc/pgfmanual.sty
Package: pgfmanual 2009/10/15

(/__w/pgf/pgf/tex/latex/pgf/doc/pgfmanual.code.tex
(/__w/pgf/pgf/tex/latex/pgf/doc/pgfmanual.prettyprinter.code.tex)
(/__w/pgf/pgf/tex/latex/pgf/doc/pgfmanual.pdflinks.code.tex)))
\pgfmanualcslinkpreskip=\dimen315
)
(/usr/local/texlive/2022/texmf-dist/tex/latex/todonotes/todonotes.sty
Package: todonotes 2021/06/04 v1.1.5 Todonotes source and documentation.
Package: todonotes 2021/06/04

(/usr/local/texlive/2022/texmf-dist/tex/latex/base/ifthen.sty
Package: ifthen 2022/04/13 v1.1d Standard LaTeX ifthen package (DPC)
)
\c@@todonotes@numberoftodonotes=\count381
))
(./pgfmanual-en-main-body.tex
(/usr/local/texlive/2022/texmf-dist/tex/latex/l3backend/l3backend-luatex.def
File: l3backend-luatex.def 2022-09-28 L3 backend support: PDF output (LuaTeX)
\l__color_backend_stack_int=\count382
\l__pdf_internal_box=\box143
)
(./pgfmanual.aux (./pgfmanual-en-introduction.aux) (./pgfmanual-en-tutorial.aux
) (./pgfmanual-en-tutorial-nodes.aux) (./pgfmanual-en-tutorial-Euclid.aux)
(./pgfmanual-en-tutorial-chains.aux) (./pgfmanual-en-tutorial-map.aux)
(./pgfmanual-en-guidelines.aux) (./pgfmanual-en-installation.aux)
(./pgfmanual-en-license.aux) (./pgfmanual-en-drivers.aux)
(./pgfmanual-en-tikz-design.aux) (./pgfmanual-en-tikz-scopes.aux)
(./pgfmanual-en-tikz-coordinates.aux) (./pgfmanual-en-tikz-paths.aux)
(./pgfmanual-en-tikz-actions.aux) (./pgfmanual-en-tikz-arrows.aux)
(./pgfmanual-en-tikz-shapes.aux) (./pgfmanual-en-tikz-pics.aux)
(./pgfmanual-en-tikz-graphs.aux) (./pgfmanual-en-tikz-matrices.aux)
(./pgfmanual-en-tikz-trees.aux) (./pgfmanual-en-tikz-plots.aux)
(./pgfmanual-en-tikz-transparency.aux) (./pgfmanual-en-tikz-decorations.aux)
(./pgfmanual-en-tikz-transformations.aux) (./pgfmanual-en-tikz-animations.aux)
(./pgfmanual-en-gd-overview.aux) (./pgfmanual-en-gd-usage-tikz.aux)
(./pgfmanual-en-gd-usage-pgf.aux) (./pgfmanual-en-gd-trees.aux)
(./pgfmanual-en-gd-layered.aux) (./pgfmanual-en-gd-force.aux)
(./pgfmanual-en-gd-circular.aux) (./pgfmanual-en-gd-phylogenetics.aux)
(./pgfmanual-en-gd-edge-routing.aux) (./pgfmanual-en-gd-algorithm-layer.aux)
(./pgfmanual-en-gd-algorithms-in-c.aux) (./pgfmanual-en-gd-display-layer.aux)
(./pgfmanual-en-gd-binding-layer.aux) (./pgfmanual-en-library-3d.aux)
(./pgfmanual-en-library-angles.aux) (./pgfmanual-en-library-arrows.aux)
(./pgfmanual-en-library-automata.aux) (./pgfmanual-en-library-babel.aux)
(./pgfmanual-en-library-backgrounds.aux) (./pgfmanual-en-library-calc.aux)
(./pgfmanual-en-library-calendar.aux) (./pgfmanual-en-library-chains.aux)
(./pgfmanual-en-library-circuits.aux) (./pgfmanual-en-library-decorations.aux)
(./pgfmanual-en-library-er.aux) (./pgfmanual-en-library-external.aux)
(./pgfmanual-en-library-fadings.aux) (./pgfmanual-en-library-fit.aux)
(./pgfmanual-en-library-fixedpoint.aux) (./pgfmanual-en-library-fpu.aux)
(./pgfmanual-en-library-lsystems.aux) (./pgfmanual-en-library-math.aux)
(./pgfmanual-en-library-matrices.aux) (./pgfmanual-en-library-mindmaps.aux)
(./pgfmanual-en-library-folding.aux) (./pgfmanual-en-library-patterns.aux)
(./pgfmanual-en-library-perspective.aux) (./pgfmanual-en-library-petri.aux)
(./pgfmanual-en-library-plot-handlers.aux)
(./pgfmanual-en-library-plot-marks.aux) (./pgfmanual-en-library-profiler.aux)
(./pgfmanual-en-library-rdf.aux) (./pgfmanual-en-library-shadings.aux)
(./pgfmanual-en-library-shadows.aux) (./pgfmanual-en-library-shapes.aux)
(./pgfmanual-en-library-spy.aux) (./pgfmanual-en-library-svg-path.aux)
(./pgfmanual-en-library-edges.aux) (./pgfmanual-en-library-through.aux)
(./pgfmanual-en-library-trees.aux) (./pgfmanual-en-library-turtle.aux)
(./pgfmanual-en-library-views.aux) (./pgfmanual-en-dv-introduction.aux)
(./pgfmanual-en-dv-main.aux) (./pgfmanual-en-dv-formats.aux)
(./pgfmanual-en-dv-axes.aux) (./pgfmanual-en-dv-visualizers.aux)
(./pgfmanual-en-dv-stylesheets.aux) (./pgfmanual-en-dv-polar.aux)
(./pgfmanual-en-dv-backend.aux) (./pgfmanual-en-pgfkeys.aux)
(./pgfmanual-en-pgffor.aux) (./pgfmanual-en-pgfcalendar.aux)
(./pgfmanual-en-pages.aux) (./pgfmanual-en-xxcolor.aux)
(./pgfmanual-en-module-parser.aux) (./pgfmanual-en-math-design.aux)
(./pgfmanual-en-math-parsing.aux) (./pgfmanual-en-math-commands.aux)
(./pgfmanual-en-math-algorithms.aux) (./pgfmanual-en-math-numberprinting.aux)
(./pgfmanual-en-oo.aux) (./pgfmanual-en-base-design.aux)
(./pgfmanual-en-base-scopes.aux) (./pgfmanual-en-base-points.aux)
(./pgfmanual-en-base-paths.aux) (./pgfmanual-en-base-decorations.aux)
(./pgfmanual-en-base-actions.aux) (./pgfmanual-en-base-arrows.aux)
(./pgfmanual-en-base-nodes.aux) (./pgfmanual-en-base-matrices.aux)
(./pgfmanual-en-base-transformations.aux) (./pgfmanual-en-base-patterns.aux)
(./pgfmanual-en-base-images.aux) (./pgfmanual-en-base-external.aux)
(./pgfmanual-en-base-plots.aux) (./pgfmanual-en-base-layers.aux)
(./pgfmanual-en-base-shadings.aux) (./pgfmanual-en-base-transparency.aux)
(./pgfmanual-en-base-animations.aux) (./pgfmanual-en-base-internalregisters.aux
) (./pgfmanual-en-base-quick.aux) (./pgfmanual-en-pgfsys-overview.aux)
(./pgfmanual-en-pgfsys-commands.aux) (./pgfmanual-en-pgfsys-paths.aux)
(./pgfmanual-en-pgfsys-protocol.aux) (./pgfmanual-en-pgfsys-animations.aux))
\openout1 = pgfmanual.aux

LaTeX Font Info:    Checking defaults for OML/cmm/m/it on input line 11.
LaTeX Font Info:    ... okay on input line 11.
LaTeX Font Info:    Checking defaults for OMS/cmsy/m/n on input line 11.
LaTeX Font Info:    ... okay on input line 11.
LaTeX Font Info:    Checking defaults for OT1/cmr/m/n on input line 11.
LaTeX Font Info:    ... okay on input line 11.
LaTeX Font Info:    Checking defaults for T1/cmr/m/n on input line 11.
LaTeX Font Info:    ... okay on input line 11.
LaTeX Font Info:    Checking defaults for TS1/cmr/m/n on input line 11.
LaTeX Font Info:    Trying to load font information for TS1+cmr on input line 1
1.

(/usr/local/texlive/2022/texmf-dist/tex/latex/base/ts1cmr.fd
File: ts1cmr.fd 2019/12/16 v2.5j Standard LaTeX font definitions
)
LaTeX Font Info:    ... okay on input line 11.
LaTeX Font Info:    Checking defaults for TU/lmr/m/n on input line 11.
LaTeX Font Info:    ... okay on input line 11.
LaTeX Font Info:    Checking defaults for OMX/cmex/m/n on input line 11.
LaTeX Font Info:    ... okay on input line 11.
LaTeX Font Info:    Checking defaults for U/cmr/m/n on input line 11.
LaTeX Font Info:    ... okay on input line 11.
LaTeX Font Info:    Checking defaults for PD1/pdf/m/n on input line 11.
LaTeX Font Info:    ... okay on input line 11.
LaTeX Font Info:    Checking defaults for PU/pdf/m/n on input line 11.
LaTeX Font Info:    ... okay on input line 11.
Package doc Info: Made | a short reference for \verb on input line 11.

(/usr/local/texlive/2022/texmf-dist/tex/context/base/mkii/supp-pdf.mkii
[Loading MPS to PDF converter (version 2006.09.02).]
\scratchcounter=\count383
\scratchdimen=\dimen316
\scratchbox=\box144
\nofMPsegments=\count384
\nofMParguments=\count385
\everyMPshowfont=\toks45
\MPscratchCnt=\count386
\MPscratchDim=\dimen317
\MPnumerator=\count387
\makeMPintoPDFobject=\count388
\everyMPtoPDFconversion=\toks46
) (/usr/local/texlive/2022/texmf-dist/tex/latex/epstopdf-pkg/epstopdf-base.sty
Package: epstopdf-base 2020-01-24 v2.11 Base part for package epstopdf
Package epstopdf-base Info: Redefining graphics rule for `.eps' on input line 4
85.

(/usr/local/texlive/2022/texmf-dist/tex/latex/latexconfig/epstopdf-sys.cfg
File: epstopdf-sys.cfg 2010/07/13 v1.3 Configuration of (r)epstopdf for TeX Liv
e
))
\c@lstlisting=\count389
Package hyperref Info: Link coloring OFF on input line 11.

(./pgfmanual.out) (./pgfmanual.out)
\@outlinefile=\write5

\openout5 = pgfmanual.out

*geometry* driver: auto-detecting
*geometry* detected driver: luatex
*geometry* verbose mode - [ preamble ] result:
* driver: luatex
* paper: a4paper
* layout: <same size as paper>
* layoutoffset:(h,v)=(0.0pt,0.0pt)
* modes: 
* h-part:(L,W,R)=(64.01869pt, 469.47049pt, 64.01869pt)
* v-part:(T,H,B)=(71.13188pt, 702.78308pt, 71.13188pt)
* \paperwidth=597.50787pt
* \paperheight=845.04684pt
* \textwidth=469.47049pt
* \textheight=702.78308pt
* \oddsidemargin=-8.2513pt
* \evensidemargin=-8.2513pt
* \topmargin=-1.1381pt
* \headheight=0.0pt
* \headsep=0.0pt
* \topskip=10.0pt
* \footskip=30.0pt
* \marginparwidth=126.0pt
* \marginparsep=11.0pt
* \columnsep=10.0pt
* \skip\footins=9.0pt plus 4.0pt minus 2.0pt
* \hoffset=0.0pt
* \voffset=0.0pt
* \mag=1000
* \@twocolumnfalse
* \@twosidefalse
* \@mparswitchfalse
* \@reversemargintrue
* (1in=72.27pt=25.4mm, 1cm=28.453pt)

\mybox=\box145
LaTeX Font Info:    Trying to load font information for T1+pcr on input line 84
.
(/usr/local/texlive/2022/texmf-dist/tex/latex/psnfss/t1pcr.fd
File: t1pcr.fd 2001/06/04 font definitions for T1/pcr.
)
LaTeX Font Info:    Trying to load font information for TS1+pcr on input line 1
57.

(/usr/local/texlive/2022/texmf-dist/tex/latex/psnfss/ts1pcr.fd
File: ts1pcr.fd 2001/06/04 font definitions for TS1/pcr.
) [1

{/usr/local/texlive/2022/texmf-var/fonts/map/pdftex/updmap/pdftex.map}]
LaTeX Font Info:    Trying to load font information for U+msa on input line 217
.

(/usr/local/texlive/2022/texmf-dist/tex/latex/amsfonts/umsa.fd
File: umsa.fd 2013/01/14 v3.01 AMS symbols A
)
LaTeX Font Info:    Trying to load font information for U+msb on input line 217
.

(/usr/local/texlive/2022/texmf-dist/tex/latex/amsfonts/umsb.fd
File: umsb.fd 2013/01/14 v3.01 AMS symbols B
) [2

]
LaTeX Font Info:    Font shape `TU/lmtt/bx/n' in size <12> not available
(Font)              Font shape `TU/lmtt/b/n' tried instead on input line 235.

(./pgfmanual.toc [3

] [4] [5] [6] [7] [8] [9] [10] [11] [12] [13] [14] [15]
[16] [17] [18] [19] [20] [21] [22] [23] [24]

LaTeX Font Warning: Font shape `TU/lmr/bx/sc' undefined
(Font)              using `TU/lmr/bx/n' instead on input line 1144.

[25])
\tf@toc=\write6

\openout6 = pgfmanual.toc
 [26]
\openout2 = pgfmanual-en-introduction.aux
 (./pgfmanual-en-introduction.tex [27


] [28]) [29] [30


]
\openout2 = pgfmanual-en-tutorial.aux

(./pgfmanual-en-tutorial.tex [31

] [32] [33] [34] [35] [36] [37] [38] [39]
[40] [41] [42] [43] [44] [45] [46] [47] [48]) [49]
\openout2 = pgfmanual-en-tutorial-nodes.aux

(./pgfmanual-en-tutorial-nodes.tex [50



] [51] [52] [53] [54] [55] [56] [57]
[58] [59] [60]) [61]
\openout2 = pgfmanual-en-tutorial-Euclid.aux
 (./pgfmanual-en-tutorial-Euclid.tex [62



] [63] [64]
[65] [66] [67] [68]) [69]
\openout2 = pgfmanual-en-tutorial-chains.aux
 (./pgfmanual-en-tutorial-chains.tex [70



] [71]
[72] [73] [74] [75] [76] [77] [78]) [79]
\openout2 = pgfmanual-en-tutorial-map.aux
 (./pgfmanual-en-tutorial-map.tex
[80



] [81] [82] [83] [84] [85] [86] [87] [88] [89] [90] [91] [92]) [93] [94]
\openout2 = pgfmanual-en-guidelines.aux

(./pgfmanual-en-guidelines.tex [95



] [96] [97] [98]
\mycount=\count390
 [99] [100]) [101] [102


]
\openout2 = pgfmanual-en-installation.aux

(./pgfmanual-en-installation.tex [103

]) [104]
\openout2 = pgfmanual-en-license.aux
 (./pgfmanual-en-license.tex
[105



] [106] [107] [108] [109] [110] [111] [112] [113] [114] [115] [116])
[117]
\openout2 = pgfmanual-en-drivers.aux
 (./pgfmanual-en-drivers.tex [118



] [119] [120] [121]) [122] [123


]
\openout2 = pgfmanual-en-tikz-design.aux

(./pgfmanual-en-tikz-design.tex [124

] [125] [126]) [127]
\openout2 = pgfmanual-en-tikz-scopes.aux

(./pgfmanual-en-tikz-scopes.tex [128



] [129] [130] [131] [132] [133] [134])
[135]
\openout2 = pgfmanual-en-tikz-coordinates.aux
 (./pgfmanual-en-tikz-coordinates.tex [136



] [137] [138] [139] [140]
[141] [142] [143] [144] [145] [146] [147] [148] [149] [150]) [151] [152]
\openout2 = pgfmanual-en-tikz-paths.aux

(./pgfmanual-en-tikz-paths.tex [153



] [154] [155] [156] [157] [158] [159]
[160] [161] [162] [163] [164] [165] [166] [167] [168] [169]
\mydim=\dimen318
\mydim=\dimen319
 [170]) [171]
\openout2 = pgfmanual-en-tikz-actions.aux

(./pgfmanual-en-tikz-actions.tex [172



] [173] [174] [175] [176] [177] [178]
[179] [180] [181]
<brave-gnu-world-logo.jpg, id=13416, 343.2825pt x 388.45125pt>
File: brave-gnu-world-logo.jpg Graphic file (type jpg)
<use brave-gnu-world-logo.jpg>
Package luatex.def Info: brave-gnu-world-logo.jpg  used on input line 1.
(luatex.def)             Requested size: 75.43332pt x 85.35826pt.
File: brave-gnu-world-logo.jpg Graphic file (type jpg)
<use brave-gnu-world-logo.jpg>
Package luatex.def Info: brave-gnu-world-logo.jpg  used on input line 1.
(luatex.def)             Requested size: 75.43332pt x 85.35826pt.
 [182<./brave-gnu-world-logo.jpg>] [183] [184] [185] [186]
[187] [188]) [189]
\openout2 = pgfmanual-en-tikz-arrows.aux
 (./pgfmanual-en-tikz-arrows.tex [190



] [191] [192] [193]
[194] [195] [196] [197] [198] [199] [200] [201] [202] [203] [204] [205]
[206] [207] [208] [209] [210] [211] [212] [213] [214] [215] [216] [217]
[218] [219] [220] [221]) [222]
\openout2 = pgfmanual-en-tikz-shapes.aux
 (./pgfmanual-en-tikz-shapes.tex [223



] [224]
[225] [226] [227] [228] [229] [230] [231] [232] [233]
LaTeX Font Info:    Font shape `TU/lmtt/bx/n' in size <10> not available
(Font)              Font shape `TU/lmtt/b/n' tried instead on input line 961.
 [234] [235] [236]
[237] [238] [239] [240] [241] [242] [243] [244] [245] [246] [247] [248]
[249] [250] [251] [252] [253] [254] [255] [256] [257] [258] [259] [260])
[261]
\openout2 = pgfmanual-en-tikz-pics.aux
 (./pgfmanual-en-tikz-pics.tex [262



] [263] [264] [265] [266]) [267]
\openout2 = pgfmanual-en-tikz-graphs.aux

(./pgfmanual-en-tikz-graphs.tex [268



] [269] [270] [271] [272] [273] [274]
[275] [276] [277] [278] [279] [280] [281] [282] [283] [284] [285] [286]
[287] [288] [289] [290] [291] [292] [293] [294] [295]
\leftshorecount=\count391
\rightshorecount=\count392
\mycount=\count393
\myothercount=\count394
 [296] [297] [298]
\mycount=\count395

[299] [300] [301] [302] [303] [304] [305] [306] [307] [308] [309] [310]
\mycount=\count396

[311] [312] [313] [314] [315] [316] [317]) [318]
\openout2 = pgfmanual-en-tikz-matrices.aux

(./pgfmanual-en-tikz-matrices.tex [319



] [320] [321] [322] [323] [324] [325]
[326] [327] [328] [329] [330]) [331]
\openout2 = pgfmanual-en-tikz-trees.aux
 (./pgfmanual-en-tikz-trees.tex [332



]
[333] [334] [335] [336] [337] [338] [339] [340]) [341]
\openout2 = pgfmanual-en-tikz-plots.aux

(./pgfmanual-en-tikz-plots.tex [342



]

Package pgf Warning: Plot data file `plots/pgfmanual-sine.table' not found. on 
input line 1.


Package pgf Warning: Plot data file `plots/pgfmanual-sine.table' not found. on 
input line 1.

[343] [344]

LaTeX Font Warning: Font shape `TU/lmr/m/scit' undefined
(Font)              using `TU/lmr/m/scsl' instead on input line 314.

[345]
\openout3 = plots/pgf-x.gnuplot


Package pgf Warning: Plot data file `plots/pgf-x.table' not found. on input lin
e 1.


\openout3 = plots/pgf-sin.gnuplot

Package pgf Warning: Plot data file `plots/pgf-sin.table' not found. on input l
ine 1.


\openout3 = plots/pgf-exp.gnuplot

Package pgf Warning: Plot data file `plots/pgf-exp.table' not found. on input l
ine 1.


\openout3 = plots/pgf-parametric-example.gnuplot

Package pgf Warning: Plot data file `plots/pgf-parametric-example.table' not fo
und. on input line 1.


\openout3 = plots/pgf-tan-example.gnuplot

Package pgf Warning: Plot data file `plots/pgf-tan-example.table' not found. on
 input line 1.


\openout3 = plots/pgf-parametric-example-cut.gnuplot

Package pgf Warning: Plot data file `plots/pgf-parametric-example-cut.table' no
t found. on input line 1.

[346]

Package pgf Warning: Plot data file `plots/pgfmanual-sine.table' not found. on 
input line 1.


Package pgf Warning: Plot data file `plots/pgfmanual-sine.table' not found. on 
input line 1.


Underfull \hbox (badness 10000) in paragraph at lines 461--461
[][][][][][][] [][][][][][] [][][][][][]\TU/lmtt/m/n/8 [[][][][][][]=[][][][][]
[],[][][][][][]=[]\TU/lmtt/m/it/8 3[]\TU/lmtt/m/n/8 ,[][][][][][]] []file[] {[]
plots/pgfmanual-
 []


Package pgf Warning: Plot data file `plots/pgfmanual-sine.table' not found. on 
input line 1.


Package pgf Warning: Plot data file `plots/pgfmanual-sine.table' not found. on 
input line 1.


Overfull \hbox (7.2846pt too wide) in paragraph at lines 471--471
[][][][][][][] [][][][][][] [][][][][][]\TU/lmtt/m/n/8 [[][][][][][]=[][][][][]
[],[][][][][][]=[]\TU/lmtt/m/it/8 3[]\TU/lmtt/m/n/8 ,[][][][][][]=[]\TU/lmtt/m/
it/8 6[]\TU/lmtt/m/n/8 ,[][][][][][]] []file[] {[]plots/pgfmanual-
 []


Package pgf Warning: Plot data file `plots/pgfmanual-sine.table' not found. on 
input line 1.


Package pgf Warning: Plot data file `plots/pgfmanual-sine.table' not found. on 
input line 1.

[347]

Package pgf Warning: Plot data file `plots/pgfmanual-sine.table' not found. on 
input line 1.


Package pgf Warning: Plot data file `plots/pgfmanual-sine.table' not found. on 
input line 1.


Package pgf Warning: Plot data file `plots/pgfmanual-sine.table' not found. on 
input line 1.

[348]

Package pgf Warning: Plot data file `plots/pgfmanual-sine.table' not found. on 
input line 1.


Package pgf Warning: Plot data file `plots/pgfmanual-sine.table' not found. on 
input line 1.


Package pgf Warning: Plot data file `plots/pgfmanual-sine.table' not found. on 
input line 1.


Package pgf Warning: Plot data file `plots/pgfmanual-sine.table' not found. on 
input line 1.


Package pgf Warning: Plot data file `plots/pgfmanual-sine.table' not found. on 
input line 1.


Package pgf Warning: Plot data file `plots/pgfmanual-sine.table' not found. on 
input line 1.


Package pgf Warning: Plot data file `plots/pgfmanual-sine.table' not found. on 
input line 1.


Package pgf Warning: Plot data file `plots/pgfmanual-sine.table' not found. on 
input line 1.


Package pgf Warning: Plot data file `plots/pgfmanual-sine.table' not found. on 
input line 1.


Package pgf Warning: Plot data file `plots/pgfmanual-sine.table' not found. on 
input line 1.


Package pgf Warning: Plot data file `plots/pgfmanual-sine.table' not found. on 
input line 1.

[349]

Package pgf Warning: Plot data file `plots/pgfmanual-sine.table' not found. on 
input line 1.


Package pgf Warning: Plot data file `plots/pgfmanual-sine.table' not found. on 
input line 1.


Package pgf Warning: Plot data file `plots/pgfmanual-sine.table' not found. on 
input line 1.


Package pgf Warning: Plot data file `plots/pgfmanual-sine.table' not found. on 
input line 1.


Underfull \hbox (badness 10000) in paragraph at lines 666--666
[][][][][][][][][][][][][]\TU/lmtt/m/n/8 [[][][][][][]] [][][][][][][[][][][][]
[],[][][][][][],[][][][][][]=[]\TU/lmtt/m/it/8 *[]\TU/lmtt/m/n/8 ] []file[]{[]pl
ots/pgfmanual-
 []


Package pgf Warning: Plot data file `plots/pgfmanual-sine.table' not found. on 
input line 1.


Underfull \hbox (badness 10000) in paragraph at lines 707--707
[][][][][][][][][][][][][]\TU/lmtt/m/n/8 [[][][][][][]=[]\TU/lmtt/m/it/8 blue[]
\TU/lmtt/m/n/8 ,[][][][][][]=[]\TU/lmtt/m/it/8 blue!60!black[]\TU/lmtt/m/n/8 ] 
[][][][][][][[][][][][][]] []file[]{[]plots/pgfmanual-
 []

[350] [351]) [352]
\openout2 = pgfmanual-en-tikz-transparency.aux
 (./pgfmanual-en-tikz-transparency.tex [353



] [354] [355]

LaTeX Font Warning: Font shape `TU/lmr/m/scit' undefined
(Font)              using `TU/lmr/m/scsl' instead on input line 318.

[356] [357] [358]
LaTeX Font Info:    Trying to load font information for T1+ptm on input line 1.

 (/usr/local/texlive/2022/texmf-dist/tex/latex/psnfss/t1ptm.fd
File: t1ptm.fd 2001/06/04 font definitions for T1/ptm.
) [359] [360] [361] [362] [363]
Overfull \hbox (25.78838pt too wide) in paragraph at lines 863--863
[]    [][][][][][] \TU/lmtt/m/n/8 [[][][][][][]=[]\TU/lmtt/m/it/8 0[]\TU/lmtt/m
/n/8 ,[][][][][][]=[][]\TU/lmtt/m/it/8 \fontencoding[]{T1}[]\fontfamily[]{ptm}[
]\fontsize[]{45}{45}[]\bfseries[][]\TU/lmtt/m/n/8 ][] 
 []

) [364]
\openout2 = pgfmanual-en-tikz-decorations.aux
 (./pgfmanual-en-tikz-decorations.tex [365



] [366] [367] [368] [369]
[370] [371]) [372]
\openout2 = pgfmanual-en-tikz-transformations.aux
 (./pgfmanual-en-tikz-transformations.tex [373



] [374]
[375] [376] [377]

LaTeX Font Warning: Font shape `TU/lmr/m/scit' undefined
(Font)              using `TU/lmr/m/scsl' instead on input line 470.

[378]) [379]
\openout2 = pgfmanual-en-tikz-animations.aux
 (./pgfmanual-en-tikz-animations.tex [380



] [381] [382] [383]
[384] [385] [386] [387] [388] [389] [390] [391] [392] [393] [394] [395]
[396] [397] [398] [399] [400] [401] [402] [403] [404] [405] [406] [407]
[408] [409] [410] [411] [412] [413]) [414] [415


]
\openout2 = pgfmanual-en-gd-overview.aux

(./pgfmanual-en-gd-overview.tex [416

] [417] [418]) [419]
\openout2 = pgfmanual-en-gd-usage-tikz.aux

(./pgfmanual-en-gd-usage-tikz.tex [420



] [421] [422] [423] [424] [425] [426]
[427] [428] [429] [430] [431] [432] [433] [434] [435] [436] [437] [438]
[439] [440] [441] [442] [443] [444] [445] [446] [447] [448]) [449]
\openout2 = pgfmanual-en-gd-usage-pgf.aux

(./pgfmanual-en-gd-usage-pgf.tex [450



] [451] [452] [453] [454] [455] [456])
[457]
\openout2 = pgfmanual-en-gd-trees.aux
 (./pgfmanual-en-gd-trees.tex [458



] [459] [460] [461] [462] [463] [464]
[465] [466]) [467]
\openout2 = pgfmanual-en-gd-layered.aux
 (./pgfmanual-en-gd-layered.tex [468



] [469] [470] [471])
[472]
\openout2 = pgfmanual-en-gd-force.aux
 (./pgfmanual-en-gd-force.tex [473



] [474] [475] [476] [477] [478] [479])
[480]
\openout2 = pgfmanual-en-gd-circular.aux
 (./pgfmanual-en-gd-circular.tex [481



]) [482]
\openout2 = pgfmanual-en-gd-phylogenetics.aux

(./pgfmanual-en-gd-phylogenetics.tex [483



] [484] [485] [486]) [487]
\openout2 = pgfmanual-en-gd-edge-routing.aux

(./pgfmanual-en-gd-edge-routing.tex) [488



]
\openout2 = pgfmanual-en-gd-algorithm-layer.aux

(./pgfmanual-en-gd-algorithm-layer.tex [489



] [490] [491] [492] [493] [494]
[495] [496] [497] [498] [499] [500] [501] [502] [503] [504] [505] [506]
[507] [508] [509] [510] [511] [512] [513] [514] [515] [516] [517] [518]
[519] [520] [521] [522] [523] [524] [525] [526] [527] [528] [529] [530]
[531] [532] [533] [534] [535] [536] [537]) [538]
\openout2 = pgfmanual-en-gd-algorithms-in-c.aux

(./pgfmanual-en-gd-algorithms-in-c.tex [539



] [540] [541] [542] [543] [544]
[545] [546] [547]) [548]
\openout2 = pgfmanual-en-gd-display-layer.aux
 (./pgfmanual-en-gd-display-layer.tex [549



] [550]
[551] [552] [553] [554] [555]) [556]
\openout2 = pgfmanual-en-gd-binding-layer.aux
 (./pgfmanual-en-gd-binding-layer.tex
[557



] [558] [559] [560] [561]) [562] [563


]
\openout2 = pgfmanual-en-library-3d.aux
 (./pgfmanual-en-library-3d.tex
[564

] [565] [566]) [567]
\openout2 = pgfmanual-en-library-angles.aux
 (./pgfmanual-en-library-angles.tex [568



]) [569]
\openout2 = pgfmanual-en-library-arrows.aux

(./pgfmanual-en-library-arrows.tex) [570



]
\openout2 = pgfmanual-en-library-automata.aux
 (./pgfmanual-en-library-automata.tex
[571



] [572] [573]
Overfull \hbox (23.36453pt too wide) in paragraph at lines 304--304
[][]\TU/lmtt/m/n/8 \begin[]{[][][][][][]}[[][][][][][]=[]\TU/lmtt/m/it/8 1pt[]\
TU/lmtt/m/n/8 ,[][][][][][]=[]\TU/lmtt/m/it/8 2cm[]\TU/lmtt/m/n/8 ,[][][][][][]
,[][][][][][]=[]\TU/lmtt/m/it/8 {Stealth[[][][][][][]]}[]\TU/lmtt/m/n/8 ,[][][]
[][][],[] 
 []

[574]) [575]
\openout2 = pgfmanual-en-library-babel.aux
 (./pgfmanual-en-library-babel.tex) [576



]
\openout2 = pgfmanual-en-library-backgrounds.aux

(./pgfmanual-en-library-backgrounds.tex [577



] [578] [579]) [580]
\openout2 = pgfmanual-en-library-calc.aux

(./pgfmanual-en-library-calc.tex) [581



]
\openout2 = pgfmanual-en-library-calendar.aux
 (./pgfmanual-en-library-calendar.tex
[582



] [583] [584] [585] [586] [587] [588] [589]
\mycount=\count397
 [590] [591] [592] [593]
[594] [595]
\mycount=\count398
 [596] [597] [598]) [599]
\openout2 = pgfmanual-en-library-chains.aux
 (./pgfmanual-en-library-chains.tex
[600



] [601] [602] [603] [604] [605]) [606]
\openout2 = pgfmanual-en-library-circuits.aux
 (./pgfmanual-en-library-circuits.tex [60
7



] [608] [609] [610] [611] [612] [613] [614] [615] [616] [617] [618]
[619] [620] [621] [622] [623] [624] [625] [626] [627] [628] [629] [630]
[631] [632] [633] [634] [635]) [636]
\openout2 = pgfmanual-en-library-decorations.aux
 (./pgfmanual-en-library-decorations.tex
[637



] [638] [639] [640] [641] [642] [643] [644] [645] [646] [647] [648]
[649] [650] [651] [652] [653] [654] [655] [656] [657] [658] [659] [660]
[661] [662] [663] [664] [665]) [666]
\openout2 = pgfmanual-en-library-er.aux
 (./pgfmanual-en-library-er.tex [667



])
[668]
\openout2 = pgfmanual-en-library-external.aux
 (./pgfmanual-en-library-external.tex [669



] [670] [671] [672] [673]
[674] [675] [676] [677] [678] [679] [680] [681]) [682]
\openout2 = pgfmanual-en-library-fadings.aux

(./pgfmanual-en-library-fadings.tex) [683



]
\openout2 = pgfmanual-en-library-fit.aux
 (./pgfmanual-en-library-fit.tex
[684



] [685]) [686]
\openout2 = pgfmanual-en-library-fixedpoint.aux
 (./pgfmanual-en-library-fixedpoint.tex [687



]) [688]
\openout2 = pgfmanual-en-library-fpu.aux

(./pgfmanual-en-library-fpu.tex [689



] [690] [691] [692] [693] [694] [695]
[696]) [697]
\openout2 = pgfmanual-en-library-lsystems.aux
 (./pgfmanual-en-library-lsystems.tex [698



] [699] [700] [701])
[702]
\openout2 = pgfmanual-en-library-math.aux
 (./pgfmanual-en-library-math.tex [703



]
\mycount=\count399
\mydimen=\dimen320
 [704] [705] [706] [707]) [708]
\openout2 = pgfmanual-en-library-matrices.aux

(./pgfmanual-en-library-matrices.tex [709



] [710] [711]) [712]
\openout2 = pgfmanual-en-library-mindmaps.aux

(./pgfmanual-en-library-mindmaps.tex [713



] [714] [715] [716] [717] [718]
[719] [720] [721]) [722]
\openout2 = pgfmanual-en-library-folding.aux
 (./pgfmanual-en-library-folding.tex [723



] [724]
[725] [726] [727] [728]) [729]
\openout2 = pgfmanual-en-library-patterns.aux
 (./pgfmanual-en-library-patterns.tex [730



]
[731] [732]
Overfull \hbox (45.27551pt too wide) in paragraph at lines 225--230
[]\TU/lmr/m/n/10 The []\TU/lmtt/m/n/10 Lines \TU/lmr/m/n/10 pat-tern re-places 
the []\TU/lmtt/m/n/10 horizontal lines\TU/lmr/m/n/10 , []\TU/lmtt/m/n/10 vertica
l lines\TU/lmr/m/n/10 , []\TU/lmtt/m/n/10 north east lines\TU/lmr/m/n/10 , and 
[]\TU/lmtt/m/n/10 north west lines
 []

[733] [734] [735]
Overfull \hbox (2.65257pt too wide) in paragraph at lines 526--526
[] [][][][][][]\TU/lmtt/m/n/8 [[][][][][][]=[]\TU/lmtt/m/it/8 mystars[]\TU/lmtt
/m/n/8 ,[][][][][][]=[]\TU/lmtt/m/it/8 blue[]\TU/lmtt/m/n/8 ]               [](0
,0)[] [][][][][][] []+[][](2,2)[];[] 
 []


Overfull \hbox (1.54848pt too wide) in paragraph at lines 526--526
[] [][][][][][]\TU/lmtt/m/n/8 [[][][][][][]=[]\TU/lmtt/m/it/8 {mystars[[][][][]
[][]=[]7[],[][][][][][]=[]15pt[]]}[]\TU/lmtt/m/n/8 ]       [](2,0)[] [][][][][]
[] []+[][](2,2)[];[] 
 []


Overfull \hbox (2.07652pt too wide) in paragraph at lines 526--526
[] [][][][][][]\TU/lmtt/m/n/8 [[][][][][][]=[]\TU/lmtt/m/it/8 {mystars[[][][][]
[][]=[]45[]]}[]\TU/lmtt/m/n/8 ,[][][][][][]=[]\TU/lmtt/m/it/8 red[]\TU/lmtt/m/n
/8 ]   [](0,2)[] [][][][][][] []+[][](2,2)[];[] 
 []


Overfull \hbox (1.26045pt too wide) in paragraph at lines 526--526
[] [][][][][][]\TU/lmtt/m/n/8 [[][][][][][]=[]\TU/lmtt/m/it/8 {mystars[[][][][]
[][]=[]30[],[][][][][][]=[]4[],[][][][][][]=[]5pt[]]}[]\TU/lmtt/m/n/8 ] [](2,2)[] [][][][][][] []+[][](2,2)[];[] 
 []

[736]) [737]
\openout2 = pgfmanual-en-library-perspective.aux
 (./pgfmanual-en-library-perspective.tex [738



] [739] [740] [741]
[742]) [743]
\openout2 = pgfmanual-en-library-petri.aux
 (./pgfmanual-en-library-petri.tex [744



] [745] [746] [747])
[748]
\openout2 = pgfmanual-en-library-plot-handlers.aux
 (./pgfmanual-en-library-plot-handlers.tex [749



] [750] [751] [752]
[753] [754] [755] [756]) [757]
\openout2 = pgfmanual-en-library-plot-marks.aux
 (./pgfmanual-en-library-plot-marks.tex [758



])
[759]
\openout2 = pgfmanual-en-library-profiler.aux
 (./pgfmanual-en-library-profiler.tex [760



] [761]) [762]
\openout2 = pgfmanual-en-library-rdf.aux

(./pgfmanual-en-library-rdf.tex [763



] [764]
Overfull \hbox (57.3973pt too wide) in paragraph at lines 264--276
[]\TU/lmr/m/n/10 The two pre-vi-ous cases can be com-bined in the form of an ob-
ject of the form []\TU/lmtt/m/n/10 "$\OMS/cmsy/m/n/10 h$\TU/lmr/m/it/10 literals
$\OMS/cmsy/m/n/10 i$[]\TU/lmtt/m/n/10 " and scope content\TU/lmr/m/n/10 .
 []

[765] [766] [767] [768] [769] [770] [771] [772]

Package pgf Warning: Your graphic driver pgfsys-luatex.def does not support rdf
. This warning is given only once on input line 1.

[773] [774]
\myboxa=\box146
\myboxb=\box147
\myboxc=\box148
) [775]
\openout2 = pgfmanual-en-library-shadings.aux
 (./pgfmanual-en-library-shadings.tex [776



] [777]

LaTeX Font Warning: Font shape `TU/lmr/m/scit' undefined
(Font)              using `TU/lmr/m/scsl' instead on input line 178.

[778]) [779]
\openout2 = pgfmanual-en-library-shadows.aux
 (./pgfmanual-en-library-shadows.tex [780



] [781] [782] [783])
[784]
\openout2 = pgfmanual-en-library-shapes.aux
 (./pgfmanual-en-library-shapes.tex [785



] [786] [787] [788] [789] [790]
[791] [792] [793] [794] [795] [796] [797] [798] [799] [800] [801] [802]
[803] [804] [805] [806] [807] [808] [809] [810] [811] [812] [813] [814]
[815] [816] [817] [818] [819] [820] [821] [822] [823] [824] [825] [826]
[827] [828] [829]) [830]
\openout2 = pgfmanual-en-library-spy.aux
 (./pgfmanual-en-library-spy.tex [831



] [832] [833]
[834] [835]) [836]
\openout2 = pgfmanual-en-library-svg-path.aux
 (./pgfmanual-en-library-svg-path.tex) [837



]
\openout2 = pgfmanual-en-library-edges.aux

(./pgfmanual-en-library-edges.tex [838



] [839] [840] [841]) [842]
\openout2 = pgfmanual-en-library-through.aux

(./pgfmanual-en-library-through.tex) [843



]
\openout2 = pgfmanual-en-library-trees.aux
 (./pgfmanual-en-library-trees.tex
[844



] [845]) [846]
\openout2 = pgfmanual-en-library-turtle.aux
 (./pgfmanual-en-library-turtle.tex [847



]) [848]
\openout2 = pgfmanual-en-library-views.aux

(./pgfmanual-en-library-views.tex [849



]) [850] [851


]
\openout2 = pgfmanual-en-dv-introduction.aux

(./pgfmanual-en-dv-introduction.tex [852

]) [853]
\openout2 = pgfmanual-en-dv-main.aux
 (./pgfmanual-en-dv-main.tex
[854



] [855] [856] [857] [858] [859] [860] [861] [862]) [863]
\openout2 = pgfmanual-en-dv-formats.aux

(./pgfmanual-en-dv-formats.tex [864



] [865] [866] [867] [868] [869] [870])
[871]
\openout2 = pgfmanual-en-dv-axes.aux
 (./pgfmanual-en-dv-axes.tex [872



] [873] [874] [875] [876] [877] [878]
[879] [880] [881] [882] [883] [884] [885] [886] [887] [888] [889] [890]
[891] [892] [893] [894] [895] [896] [897] [898] [899] [900] [901] [902]
[903] [904]
Overfull \hbox (11.46152pt too wide) in paragraph at lines 2666--2670
\TU/lmr/m/n/10 The []\TU/lmtt/m/n/10 datavisualization \TU/lmr/m/n/10 li-brary 
comes with a num-ber of pre-de-fined axis sys-tems, like []\TU/lmtt/m/n/10 scien
tific axes=clean\TU/lmr/m/n/10 ,
 []

[905] [906] [907] [908] [909] [910] [911] [912] [913] [914] [915] [916]
[917] [918]) [919]
\openout2 = pgfmanual-en-dv-visualizers.aux
 (./pgfmanual-en-dv-visualizers.tex [920



] [921] [922]
[923] [924] [925] [926] [927]) [928] [929]
\openout2 = pgfmanual-en-dv-stylesheets.aux
 (./pgfmanual-en-dv-stylesheets.tex
[930



] [931] [932] [933] [934] [935] [936] [937] [938] [939] [940] [941]
[942] [943] [944] [945] [946] [947] [948] [949] [950] [951] [952] [953]
[954] [955] [956] [957]
Underfull \hbox (badness 10000) in paragraph at lines 3761--3765

 []

[958] [959] [960] [961]) [962]
\openout2 = pgfmanual-en-dv-polar.aux
 (./pgfmanual-en-dv-polar.tex [963



] [964]
[965] [966] [967] [968] [969] [970]) [971]
\openout2 = pgfmanual-en-dv-backend.aux
 (./pgfmanual-en-dv-backend.tex)
[972



] [973


]
\openout2 = pgfmanual-en-pgfkeys.aux
 (./pgfmanual-en-pgfkeys.tex [974

] [975] [976] [977] [978] [979]
[980] [981] [982] [983] [984] [985] [986] [987] [988] [989] [990] [991]
[992] (./pgfmanual-en-pgfkeysfiltered.tex [993] [994] [995] [996] [997]
[998] [999])) [1000]
\openout2 = pgfmanual-en-pgffor.aux
 (./pgfmanual-en-pgffor.tex [1001



] [1002] [1003] [1004]
[1005]) [1006]
\openout2 = pgfmanual-en-pgfcalendar.aux
 (./pgfmanual-en-pgfcalendar.tex
\mycount=\count400
 [1007



] [1008] [1009] [1010]
[1011] [1012]) [1013]
\openout2 = pgfmanual-en-pages.aux
 (./pgfmanual-en-pages.tex [1014



] [1015] [1016] [1017]
[1018] [1019]) [1020]
\openout2 = pgfmanual-en-xxcolor.aux
 (./pgfmanual-en-xxcolor.tex) [1021



]
\openout2 = pgfmanual-en-module-parser.aux

(./pgfmanual-en-module-parser.tex
\mycount=\count401
 [1022



] [1023]
\mycount=\count402
 [1024]) [1025] [1026


]
\openout2 = pgfmanual-en-math-design.aux

(./pgfmanual-en-math-design.tex) [1027

]
\openout2 = pgfmanual-en-math-parsing.aux
 (./pgfmanual-en-math-parsing.tex
[1028



] [1029] [1030] [1031] [1032] [1033] [1034] [1035] [1036] [1037] [1038]
[1039] [1040] [1041] [1042] [1043]) [1044]
\openout2 = pgfmanual-en-math-commands.aux
 (./pgfmanual-en-math-commands.tex
[1045



] [1046]) [1047]
\openout2 = pgfmanual-en-math-algorithms.aux
 (./pgfmanual-en-math-algorithms.tex [1048



] [1049])
[1050]
\openout2 = pgfmanual-en-math-numberprinting.aux
 (./pgfmanual-en-math-numberprinting.tex [1051



] [1052] [1053] [1054]
[1055] [1056] [1057] [1058] [1059] [1060]) [1061]
\openout2 = pgfmanual-en-oo.aux
 (./pgfmanual-en-oo.tex
[1062



] [1063] [1064] [1065] [1066] [1067] [1068]) [1069]
\openout3 = plots/pgf-asymptotic-example.gnuplot


Package pgf Warning: Plot data file `plots/pgf-asymptotic-example.table' not fo
und. on input line 1.

[1070


]
\openout2 = pgfmanual-en-base-design.aux
 (./pgfmanual-en-base-design.tex
\myypos=\dimen321
 [1071

]) [1072]
\openout2 = pgfmanual-en-base-scopes.aux

(./pgfmanual-en-base-scopes.tex [1073



] [1074] [1075] [1076] [1077] [1078]
\mybox=\box149

[1079] [1080] [1081] [1082] [1083] [1084]) [1085]
\openout2 = pgfmanual-en-base-points.aux

(./pgfmanual-en-base-points.tex [1086



] [1087] [1088] [1089] [1090] [1091]
[1092] [1093]) [1094]
\openout2 = pgfmanual-en-base-paths.aux
 (./pgfmanual-en-base-paths.tex [1095



] [1096] [1097]
[1098] [1099] [1100] [1101] [1102] [1103] [1104]) [1105]
\openout2 = pgfmanual-en-base-decorations.aux

(./pgfmanual-en-base-decorations.tex [1106



] [1107] [1108] [1109] [1110]
[1111] [1112] [1113] [1114] [1115] [1116] [1117]) [1118]
\openout2 = pgfmanual-en-base-actions.aux

(./pgfmanual-en-base-actions.tex [1119



] [1120] [1121] [1122] [1123]) [1124]
\openout2 = pgfmanual-en-base-arrows.aux

(./pgfmanual-en-base-arrows.tex [1125



] [1126] [1127] [1128] [1129] [1130]
[1131] [1132] [1133]) [1134]
\openout2 = pgfmanual-en-base-nodes.aux
 (./pgfmanual-en-base-nodes.tex [1135



] [1136]
[1137] [1138] [1139]
\mybox=\box150
 [1140] [1141] [1142] [1143] [1144] [1145] [1146] [1147]
[1148]) [1149]
\openout2 = pgfmanual-en-base-matrices.aux
 (./pgfmanual-en-base-matrices.tex [1150



] [1151] [1152] [1153])
[1154]
\openout2 = pgfmanual-en-base-transformations.aux
 (./pgfmanual-en-base-transformations.tex [1155



] [1156] [1157] [1158]
[1159] [1160] [1161] [1162] [1163] [1164] [1165] [1166] [1167] [1168]) [1169]
\openout2 = pgfmanual-en-base-patterns.aux

(./pgfmanual-en-base-patterns.tex [1170



]
\thickness=\dimen322
 [1171]) [1172]
\openout2 = pgfmanual-en-base-images.aux

(./pgfmanual-en-base-images.tex [1173



] [1174<./brave-gnu-world-logo.jpg><./brave-gnu-world-logo.jpg><./brave-gnu-worl
d-logo.jpg>]<./brave-gnu-world-logo-mask.jpg> [1175<./brave-gnu-world-logo.jpg><
./brave-gnu-world-logo.jpg><./brave-gnu-world-logo.jpg>]) [1176<./brave-gnu-worl
d-logo.jpg><./brave-gnu-world-logo-mask.jpg><./brave-gnu-world-logo.jpg>]
\openout2 = pgfmanual-en-base-external.aux
 (./pg
fmanual-en-base-external.tex [1177



]
[1178] [1179] [1180] [1181] [1182]) [1183]
\openout2 = pgfmanual-en-base-plots.aux
 (./pgfmanual-en-base-plots.tex
[1184



] [1185] [1186]
\openout3 = plots/pgfplotgnuplot-example.gnuplot


Package pgf Warning: Plot data file `plots/pgfplotgnuplot-example.table' not fo
und. on input line 1.

[1187] [1188] [1189]) [1190]
\openout2 = pgfmanual-en-base-layers.aux
 (./pgfmanual-en-base-layers.tex
\pgf@layerbox@background layer=\box151
\pgf@layerboxsaved@background layer=\box152
\pgf@layerbox@foreground layer=\box153
\pgf@layerboxsaved@foreground layer=\box154
 [1191



]) [1192]
\openout2 = pgfmanual-en-base-shadings.aux

(./pgfmanual-en-base-shadings.tex [1193



] [1194] [1195] [1196] [1197] [1198]
[1199] [1200]) [1201]
\openout2 = pgfmanual-en-base-transparency.aux
 (./pgfmanual-en-base-transparency.tex [1202



] [1203]
[1204] [1205]) [1206]
\openout2 = pgfmanual-en-base-animations.aux
 (./pgfmanual-en-base-animations.tex [1207



] [1208]
[1209] [1210] [1211] [1212] [1213] [1214] [1215] [1216] [1217] [1218] [1219]
[1220] [1221] [1222] [1223] [1224]) [1225]
\openout2 = pgfmanual-en-base-internalregisters.aux

(./pgfmanual-en-base-internalregisters.tex [1226



]) [1227]
\openout2 = pgfmanual-en-base-quick.aux

(./pgfmanual-en-base-quick.tex [1228



] [1229]) [1230] [1231


]
\openout2 = pgfmanual-en-pgfsys-overview.aux

(./pgfmanual-en-pgfsys-overview.tex) [1232

]
\openout2 = pgfmanual-en-pgfsys-commands.aux
 (./pgfmanual-en-pgfsys-commands.tex [1233



] [1234] [1235] [1236] [1237] [1238] [1239] [1240] [1241] [1242] [1243]
[1244] [1245] [1246] [1247]) [1248]
\openout2 = pgfmanual-en-pgfsys-paths.aux
 (./pgfmanual-en-pgfsys-paths.tex [1249



]
[1250]) [1251]
\openout2 = pgfmanual-en-pgfsys-protocol.aux
 (./pgfmanual-en-pgfsys-protocol.tex) [1252



]
\openout2 = pgfmanual-en-pgfsys-animations.aux

(./pgfmanual-en-pgfsys-animations.tex [1253



] [1254] [1255] [1256] [1257]
[1258] [1259] [1260] [1261] [1262] [1263] [1264] [1265] [1266] [1267] [1268]
[1269]) [1270] [1271


] (./pgfmanual.ind [1272


] [1273] [1274] [1275] [1276]
[1277] [1278] [1279] [1280] [1281] [1282] [1283] [1284] [1285] [1286] [1287]
[1288] [1289] [1290] [1291] [1292] [1293] [1294] [1295] [1296] [1297] [1298]
[1299] [1300] [1301] [1302] [1303] [1304] [1305] [1306] [1307] [1308] [1309]
[1310] [1311] [1312] [1313] [1314] [1315] [1316] [1317] [1318] [1319] [1320]
[1321

]) (./pgfmanual.aux (./pgfmanual-en-introduction.aux)
(./pgfmanual-en-tutorial.aux) (./pgfmanual-en-tutorial-nodes.aux)
(./pgfmanual-en-tutorial-Euclid.aux) (./pgfmanual-en-tutorial-chains.aux)
(./pgfmanual-en-tutorial-map.aux) (./pgfmanual-en-guidelines.aux)
(./pgfmanual-en-installation.aux) (./pgfmanual-en-license.aux)
(./pgfmanual-en-drivers.aux) (./pgfmanual-en-tikz-design.aux)
(./pgfmanual-en-tikz-scopes.aux) (./pgfmanual-en-tikz-coordinates.aux)
(./pgfmanual-en-tikz-paths.aux) (./pgfmanual-en-tikz-actions.aux)
(./pgfmanual-en-tikz-arrows.aux) (./pgfmanual-en-tikz-shapes.aux)
(./pgfmanual-en-tikz-pics.aux) (./pgfmanual-en-tikz-graphs.aux)
(./pgfmanual-en-tikz-matrices.aux) (./pgfmanual-en-tikz-trees.aux)
(./pgfmanual-en-tikz-plots.aux) (./pgfmanual-en-tikz-transparency.aux)
(./pgfmanual-en-tikz-decorations.aux) (./pgfmanual-en-tikz-transformations.aux) (./pgfmanual-en-tikz-animations.aux) (./pgfmanual-en-gd-overview.aux)
(./pgfmanual-en-gd-usage-tikz.aux) (./pgfmanual-en-gd-usage-pgf.aux)
(./pgfmanual-en-gd-trees.aux) (./pgfmanual-en-gd-layered.aux)
(./pgfmanual-en-gd-force.aux) (./pgfmanual-en-gd-circular.aux)
(./pgfmanual-en-gd-phylogenetics.aux) (./pgfmanual-en-gd-edge-routing.aux)
(./pgfmanual-en-gd-algorithm-layer.aux) (./pgfmanual-en-gd-algorithms-in-c.aux) (./pgfmanual-en-gd-display-layer.aux) (./pgfmanual-en-gd-binding-layer.aux)
(./pgfmanual-en-library-3d.aux) (./pgfmanual-en-library-angles.aux)
(./pgfmanual-en-library-arrows.aux) (./pgfmanual-en-library-automata.aux)
(./pgfmanual-en-library-babel.aux) (./pgfmanual-en-library-backgrounds.aux)
(./pgfmanual-en-library-calc.aux) (./pgfmanual-en-library-calendar.aux)
(./pgfmanual-en-library-chains.aux) (./pgfmanual-en-library-circuits.aux)
(./pgfmanual-en-library-decorations.aux) (./pgfmanual-en-library-er.aux)
(./pgfmanual-en-library-external.aux) (./pgfmanual-en-library-fadings.aux)
(./pgfmanual-en-library-fit.aux) (./pgfmanual-en-library-fixedpoint.aux)
(./pgfmanual-en-library-fpu.aux) (./pgfmanual-en-library-lsystems.aux)
(./pgfmanual-en-library-math.aux) (./pgfmanual-en-library-matrices.aux)
(./pgfmanual-en-library-mindmaps.aux) (./pgfmanual-en-library-folding.aux)
(./pgfmanual-en-library-patterns.aux) (./pgfmanual-en-library-perspective.aux)
(./pgfmanual-en-library-petri.aux) (./pgfmanual-en-library-plot-handlers.aux)
(./pgfmanual-en-library-plot-marks.aux) (./pgfmanual-en-library-profiler.aux)
(./pgfmanual-en-library-rdf.aux) (./pgfmanual-en-library-shadings.aux)
(./pgfmanual-en-library-shadows.aux) (./pgfmanual-en-library-shapes.aux)
(./pgfmanual-en-library-spy.aux) (./pgfmanual-en-library-svg-path.aux)
(./pgfmanual-en-library-edges.aux) (./pgfmanual-en-library-through.aux)
(./pgfmanual-en-library-trees.aux) (./pgfmanual-en-library-turtle.aux)
(./pgfmanual-en-library-views.aux) (./pgfmanual-en-dv-introduction.aux)
(./pgfmanual-en-dv-main.aux) (./pgfmanual-en-dv-formats.aux)
(./pgfmanual-en-dv-axes.aux) (./pgfmanual-en-dv-visualizers.aux)
(./pgfmanual-en-dv-stylesheets.aux) (./pgfmanual-en-dv-polar.aux)
(./pgfmanual-en-dv-backend.aux) (./pgfmanual-en-pgfkeys.aux)
(./pgfmanual-en-pgffor.aux) (./pgfmanual-en-pgfcalendar.aux)
(./pgfmanual-en-pages.aux) (./pgfmanual-en-xxcolor.aux)
(./pgfmanual-en-module-parser.aux) (./pgfmanual-en-math-design.aux)
(./pgfmanual-en-math-parsing.aux) (./pgfmanual-en-math-commands.aux)
(./pgfmanual-en-math-algorithms.aux) (./pgfmanual-en-math-numberprinting.aux)
(./pgfmanual-en-oo.aux) (./pgfmanual-en-base-design.aux)
(./pgfmanual-en-base-scopes.aux) (./pgfmanual-en-base-points.aux)
(./pgfmanual-en-base-paths.aux) (./pgfmanual-en-base-decorations.aux)
(./pgfmanual-en-base-actions.aux) (./pgfmanual-en-base-arrows.aux)
(./pgfmanual-en-base-nodes.aux) (./pgfmanual-en-base-matrices.aux)
(./pgfmanual-en-base-transformations.aux) (./pgfmanual-en-base-patterns.aux)
(./pgfmanual-en-base-images.aux) (./pgfmanual-en-base-external.aux)
(./pgfmanual-en-base-plots.aux) (./pgfmanual-en-base-layers.aux)
(./pgfmanual-en-base-shadings.aux) (./pgfmanual-en-base-transparency.aux)
(./pgfmanual-en-base-animations.aux) (./pgfmanual-en-base-internalregisters.aux
) (./pgfmanual-en-base-quick.aux) (./pgfmanual-en-pgfsys-overview.aux)
(./pgfmanual-en-pgfsys-commands.aux) (./pgfmanual-en-pgfsys-paths.aux)
(./pgfmanual-en-pgfsys-protocol.aux) (./pgfmanual-en-pgfsys-animations.aux))

LaTeX Font Warning: Some font shapes were not available, defaults substituted.

Package rerunfilecheck Info: File `pgfmanual.out' has not changed.
(rerunfilecheck)             Checksum: 4E57967F0A1EB54D4ED6740301125D3A;234985.

)))

Here is how much of LuaTeX's memory you used:
 180764 strings out of 477352
 2274630,3417909 words of node,token memory allocated
 1425 words of node memory still in use:
   20 hlist, 2 vlist, 5 rule, 31 glue, 4 kern, 1 glyph, 108 attribute, 61 glue_s
pec, 108 attribute_list, 3 write, 32 pdf_literal, 1 pdf_action, 6 pdf_colorstack
 nodes
   avail lists: 1:497,2:67964,3:52515,4:2756,5:9189,6:828,7:172631,8:550,9:9756,
10:89,11:952,12:59
 185179 multiletter control sequences out of 65536+600000
 154 fonts using 13484583 bytes
 339i,20n,468p,3109b,5710s stack positions out of 10000i,1000n,20000p,200000b,200000s
</usr/local/texlive/2022/texmf-dist/fonts/opentype/public/lm/lmroman7-italic.otf
>{/usr/local/texlive/2022/texmf-dist/fonts/enc/dvips/base/8r.enc}</usr/local/tex
live/2022/texmf-dist/fonts/opentype/public/lm/lmromancaps10-oblique.otf></usr/lo
cal/texlive/2022/texmf-dist/fonts/opentype/public/lm/lmroman8-bold.otf></usr/loc
al/texlive/2022/texmf-dist/fonts/opentype/public/lm/lmsans9-regular.otf></usr/lo
cal/texlive/2022/texmf-dist/fonts/opentype/public/lm/lmsans10-bold.otf></usr/loc
al/texlive/2022/texmf-dist/fonts/opentype/public/lm/lmsans8-regular.otf></usr/lo
cal/texlive/2022/texmf-dist/fonts/opentype/public/lm/lmsans10-regular.otf></usr/
local/texlive/2022/texmf-dist/fonts/opentype/public/lm/lmsans12-regular.otf></us
r/local/texlive/2022/texmf-dist/fonts/opentype/public/lm/lmroman5-bold.otf></usr
/local/texlive/2022/texmf-dist/fonts/opentype/public/lm/lmroman5-regular.otf></u
sr/local/texlive/2022/texmf-dist/fonts/opentype/public/lm/lmroman8-italic.otf></
usr/local/texlive/2022/texmf-dist/fonts/opentype/public/lm/lmroman6-regular.otf>
</usr/local/texlive/2022/texmf-dist/fonts/opentype/public/lm/lmroman9-regular.ot
f></usr/local/texlive/2022/texmf-dist/fonts/opentype/public/lm/lmroman9-italic.o
tf></usr/local/texlive/2022/texmf-dist/fonts/opentype/public/lm/lmroman9-bold.ot
f></usr/local/texlive/2022/texmf-dist/fonts/opentype/public/lm/lmroman7-bold.otf
></usr/local/texlive/2022/texmf-dist/fonts/opentype/public/lm/lmmono10-italic.ot
f></usr/local/texlive/2022/texmf-dist/fonts/opentype/public/lm/lmmono8-regular.o
tf></usr/local/texlive/2022/texmf-dist/fonts/opentype/public/lm/lmmono9-regular.
otf></usr/local/texlive/2022/texmf-dist/fonts/opentype/public/lm/lmmono10-regula
r.otf></usr/local/texlive/2022/texmf-dist/fonts/opentype/public/lm/lmroman8-regu
lar.otf></usr/local/texlive/2022/texmf-dist/fonts/opentype/public/lm/lmroman10-b
old.otf></usr/local/texlive/2022/texmf-dist/fonts/opentype/public/lm/lmroman12-r
egular.otf></usr/local/texlive/2022/texmf-dist/fonts/opentype/public/lm/lmmonolt
10-bold.otf></usr/local/texlive/2022/texmf-dist/fonts/opentype/public/lm/lmroman
10-bolditalic.otf></usr/local/texlive/2022/texmf-dist/fonts/opentype/public/lm/l
mroman12-bold.otf></usr/local/texlive/2022/texmf-dist/fonts/opentype/public/lm/l
mroman7-regular.otf></usr/local/texlive/2022/texmf-dist/fonts/opentype/public/lm
/lmroman10-italic.otf></usr/local/texlive/2022/texmf-dist/fonts/opentype/public/
lm/lmroman10-regular.otf></usr/local/texlive/2022/texmf-dist/fonts/opentype/publ
ic/lm/lmromancaps10-regular.otf></usr/local/texlive/2022/texmf-dist/fonts/openty
pe/public/lm/lmroman12-italic.otf></usr/local/texlive/2022/texmf-dist/fonts/open
type/public/lm/lmroman17-regular.otf></usr/local/texlive/2022/texmf-dist/fonts/t
ype1/public/amsfonts/cm/cmex10.pfb></usr/local/texlive/2022/texmf-dist/fonts/typ
e1/public/amsfonts/cmextra/cmex9.pfb></usr/local/texlive/2022/texmf-dist/fonts/t
ype1/public/amsfonts/cm/cmmi10.pfb></usr/local/texlive/2022/texmf-dist/fonts/typ
e1/public/amsfonts/cm/cmmi5.pfb></usr/local/texlive/2022/texmf-dist/fonts/type1/
public/amsfonts/cm/cmmi6.pfb></usr/local/texlive/2022/texmf-dist/fonts/type1/pub
lic/amsfonts/cm/cmmi7.pfb></usr/local/texlive/2022/texmf-dist/fonts/type1/public
/amsfonts/cm/cmmi8.pfb></usr/local/texlive/2022/texmf-dist/fonts/type1/public/am
sfonts/cm/cmmi9.pfb></usr/local/texlive/2022/texmf-dist/fonts/type1/public/amsfo
nts/cm/cmr10.pfb></usr/local/texlive/2022/texmf-dist/fonts/type1/public/amsfonts
/cm/cmr17.pfb></usr/local/texlive/2022/texmf-dist/fonts/type1/public/amsfonts/cm
/cmr5.pfb></usr/local/texlive/2022/texmf-dist/fonts/type1/public/amsfonts/cm/cmr
6.pfb></usr/local/texlive/2022/texmf-dist/fonts/type1/public/amsfonts/cm/cmr7.pf
b></usr/local/texlive/2022/texmf-dist/fonts/type1/public/amsfonts/cm/cmr8.pfb></
usr/local/texlive/2022/texmf-dist/fonts/type1/public/amsfonts/cm/cmr9.pfb></usr/
local/texlive/2022/texmf-dist/fonts/type1/public/amsfonts/cm/cmsy10.pfb></usr/lo
cal/texlive/2022/texmf-dist/fonts/type1/public/amsfonts/cm/cmsy5.pfb></usr/local
/texlive/2022/texmf-dist/fonts/type1/public/amsfonts/cm/cmsy6.pfb></usr/local/te
xlive/2022/texmf-dist/fonts/type1/public/amsfonts/cm/cmsy7.pfb></usr/local/texli
ve/2022/texmf-dist/fonts/type1/public/amsfonts/cm/cmsy8.pfb></usr/local/texlive/
2022/texmf-dist/fonts/type1/public/amsfonts/cm/cmsy9.pfb></usr/local/texlive/202
2/texmf-dist/fonts/type1/public/amsfonts/cm/cmti10.pfb></usr/local/texlive/2022/
texmf-dist/fonts/type1/public/amsfonts/cm/cmti9.pfb></usr/local/texlive/2022/tex
mf-dist/fonts/type1/public/amsfonts/symbols/msbm10.pfb></usr/local/texlive/2022/
texmf-dist/fonts/type1/urw/courier/ucrb8a.pfb></usr/local/texlive/2022/texmf-dis
t/fonts/type1/urw/courier/ucrr8a.pfb></usr/local/texlive/2022/texmf-dist/fonts/t
ype1/urw/times/utmb8a.pfb></usr/local/texlive/2022/texmf-dist/fonts/type1/urw/ti
mes/utmbi8a.pfb>
Output written on pgfmanual.pdf (1321 pages, 10173732 bytes).

PDF statistics: 66856 PDF objects out of 79402 (max. 8388607)
 64544 compressed objects within 646 object streams
 11633 named destinations out of 12825 (max. 131072)
 11217 words of extra memory for PDF output out of 12500 (max. 100000000)

